{"D:\\AI info\\v76-gems\\airag-poc\\frontend\\app\\_layout.tsx": {"path":"D:\\AI info\\v76-gems\\airag-poc\\frontend\\app\\_layout.tsx","statementMap":{"0":{"start":{"line":20,"column":33},"end":{"line":25,"column":1}},"1":{"start":{"line":28,"column":17},"end":{"line":28,"column":28}},"2":{"start":{"line":29,"column":19},"end":{"line":29,"column":32}},"3":{"start":{"line":30,"column":43},"end":{"line":30,"column":57}},"4":{"start":{"line":31,"column":33},"end":{"line":31,"column":48}},"5":{"start":{"line":32,"column":16},"end":{"line":32,"column":32}},"6":{"start":{"line":34,"column":16},"end":{"line":34,"column":37}},"7":{"start":{"line":37,"column":50},"end":{"line":37,"column":65}},"8":{"start":{"line":40,"column":19},"end":{"line":40,"column":39}},"9":{"start":{"line":41,"column":19},"end":{"line":41,"column":78}},"10":{"start":{"line":41,"column":48},"end":{"line":41,"column":77}},"11":{"start":{"line":42,"column":27},"end":{"line":42,"column":72}},"12":{"start":{"line":42,"column":49},"end":{"line":42,"column":71}},"13":{"start":{"line":47,"column":2},"end":{"line":50,"column":9}},"14":{"start":{"line":48,"column":4},"end":{"line":48,"column":21}},"15":{"start":{"line":49,"column":4},"end":{"line":49,"column":19}},"16":{"start":{"line":53,"column":2},"end":{"line":57,"column":51}},"17":{"start":{"line":54,"column":4},"end":{"line":56,"column":5}},"18":{"start":{"line":55,"column":6},"end":{"line":55,"column":37}},"19":{"start":{"line":60,"column":2},"end":{"line":67,"column":3}},"20":{"start":{"line":61,"column":4},"end":{"line":66,"column":6}},"21":{"start":{"line":69,"column":30},"end":{"line":69,"column":70}},"22":{"start":{"line":69,"column":36},"end":{"line":69,"column":70}},"23":{"start":{"line":69,"column":64},"end":{"line":69,"column":69}},"24":{"start":{"line":72,"column":26},"end":{"line":78,"column":56}},"25":{"start":{"line":80,"column":2},"end":{"line":190,"column":4}},"26":{"start":{"line":159,"column":31},"end":{"line":159,"column":53}},"27":{"start":{"line":160,"column":14},"end":{"line":184,"column":16}},"28":{"start":{"line":163,"column":33},"end":{"line":163,"column":62}}},"fnMap":{"0":{"name":"RootLayout","decl":{"start":{"line":27,"column":24},"end":{"line":27,"column":34}},"loc":{"start":{"line":27,"column":37},"end":{"line":191,"column":1}},"line":27},"1":{"name":"(anonymous_1)","decl":{"start":{"line":41,"column":40},"end":{"line":41,"column":41}},"loc":{"start":{"line":41,"column":48},"end":{"line":41,"column":77}},"line":41},"2":{"name":"(anonymous_2)","decl":{"start":{"line":42,"column":41},"end":{"line":42,"column":42}},"loc":{"start":{"line":42,"column":49},"end":{"line":42,"column":71}},"line":42},"3":{"name":"(anonymous_3)","decl":{"start":{"line":47,"column":12},"end":{"line":47,"column":13}},"loc":{"start":{"line":47,"column":18},"end":{"line":50,"column":3}},"line":47},"4":{"name":"(anonymous_4)","decl":{"start":{"line":53,"column":12},"end":{"line":53,"column":13}},"loc":{"start":{"line":53,"column":18},"end":{"line":57,"column":3}},"line":53},"5":{"name":"(anonymous_5)","decl":{"start":{"line":69,"column":30},"end":{"line":69,"column":31}},"loc":{"start":{"line":69,"column":36},"end":{"line":69,"column":70}},"line":69},"6":{"name":"(anonymous_6)","decl":{"start":{"line":69,"column":56},"end":{"line":69,"column":57}},"loc":{"start":{"line":69,"column":64},"end":{"line":69,"column":69}},"line":69},"7":{"name":"(anonymous_7)","decl":{"start":{"line":158,"column":26},"end":{"line":158,"column":27}},"loc":{"start":{"line":158,"column":36},"end":{"line":185,"column":13}},"line":158},"8":{"name":"(anonymous_8)","decl":{"start":{"line":163,"column":27},"end":{"line":163,"column":28}},"loc":{"start":{"line":163,"column":33},"end":{"line":163,"column":62}},"line":163}},"branchMap":{"0":{"loc":{"start":{"line":40,"column":19},"end":{"line":40,"column":39}},"type":"binary-expr","locations":[{"start":{"line":40,"column":19},"end":{"line":40,"column":29}},{"start":{"line":40,"column":33},"end":{"line":40,"column":39}}],"line":40},"1":{"loc":{"start":{"line":54,"column":4},"end":{"line":56,"column":5}},"type":"if","locations":[{"start":{"line":54,"column":4},"end":{"line":56,"column":5}},{"start":{},"end":{}}],"line":54},"2":{"loc":{"start":{"line":54,"column":8},"end":{"line":54,"column":56}},"type":"binary-expr","locations":[{"start":{"line":54,"column":8},"end":{"line":54,"column":12}},{"start":{"line":54,"column":16},"end":{"line":54,"column":33}},{"start":{"line":54,"column":37},"end":{"line":54,"column":56}}],"line":54},"3":{"loc":{"start":{"line":60,"column":2},"end":{"line":67,"column":3}},"type":"if","locations":[{"start":{"line":60,"column":2},"end":{"line":67,"column":3}},{"start":{},"end":{}}],"line":60},"4":{"loc":{"start":{"line":63,"column":26},"end":{"line":63,"column":61}},"type":"cond-expr","locations":[{"start":{"line":63,"column":45},"end":{"line":63,"column":51}},{"start":{"line":63,"column":54},"end":{"line":63,"column":61}}],"line":63},"5":{"loc":{"start":{"line":72,"column":26},"end":{"line":78,"column":56}},"type":"cond-expr","locations":[{"start":{"line":73,"column":7},"end":{"line":75,"column":57}},{"start":{"line":76,"column":7},"end":{"line":78,"column":55}}],"line":72},"6":{"loc":{"start":{"line":73,"column":7},"end":{"line":75,"column":57}},"type":"cond-expr","locations":[{"start":{"line":74,"column":8},"end":{"line":74,"column":57}},{"start":{"line":75,"column":8},"end":{"line":75,"column":57}}],"line":73},"7":{"loc":{"start":{"line":76,"column":7},"end":{"line":78,"column":55}},"type":"cond-expr","locations":[{"start":{"line":77,"column":8},"end":{"line":77,"column":56}},{"start":{"line":78,"column":8},"end":{"line":78,"column":55}}],"line":76},"8":{"loc":{"start":{"line":82,"column":24},"end":{"line":82,"column":59}},"type":"cond-expr","locations":[{"start":{"line":82,"column":43},"end":{"line":82,"column":49}},{"start":{"line":82,"column":52},"end":{"line":82,"column":59}}],"line":82},"9":{"loc":{"start":{"line":85,"column":7},"end":{"line":93,"column":7}},"type":"binary-expr","locations":[{"start":{"line":85,"column":7},"end":{"line":85,"column":12}},{"start":{"line":86,"column":8},"end":{"line":92,"column":10}}],"line":85},"10":{"loc":{"start":{"line":99,"column":9},"end":{"line":105,"column":9}},"type":"binary-expr","locations":[{"start":{"line":99,"column":9},"end":{"line":99,"column":14}},{"start":{"line":100,"column":10},"end":{"line":104,"column":12}}],"line":99},"11":{"loc":{"start":{"line":108,"column":9},"end":{"line":144,"column":9}},"type":"binary-expr","locations":[{"start":{"line":108,"column":9},"end":{"line":108,"column":15}},{"start":{"line":109,"column":10},"end":{"line":143,"column":17}}],"line":108},"12":{"loc":{"start":{"line":118,"column":33},"end":{"line":118,"column":98}},"type":"cond-expr","locations":[{"start":{"line":118,"column":51},"end":{"line":118,"column":73}},{"start":{"line":118,"column":76},"end":{"line":118,"column":98}}],"line":118},"13":{"loc":{"start":{"line":152,"column":9},"end":{"line":187,"column":9}},"type":"binary-expr","locations":[{"start":{"line":152,"column":9},"end":{"line":152,"column":15}},{"start":{"line":153,"column":10},"end":{"line":186,"column":17}}],"line":152},"14":{"loc":{"start":{"line":169,"column":21},"end":{"line":171,"column":24}},"type":"cond-expr","locations":[{"start":{"line":169,"column":32},"end":{"line":171,"column":19}},{"start":{"line":171,"column":22},"end":{"line":171,"column":24}}],"line":169},"15":{"loc":{"start":{"line":172,"column":56},"end":{"line":172,"column":110}},"type":"cond-expr","locations":[{"start":{"line":172,"column":67},"end":{"line":172,"column":87}},{"start":{"line":172,"column":90},"end":{"line":172,"column":110}}],"line":172},"16":{"loc":{"start":{"line":177,"column":46},"end":{"line":177,"column":70}},"type":"cond-expr","locations":[{"start":{"line":177,"column":57},"end":{"line":177,"column":62}},{"start":{"line":177,"column":65},"end":{"line":177,"column":70}}],"line":177},"17":{"loc":{"start":{"line":178,"column":27},"end":{"line":178,"column":81}},"type":"cond-expr","locations":[{"start":{"line":178,"column":38},"end":{"line":178,"column":58}},{"start":{"line":178,"column":61},"end":{"line":178,"column":81}}],"line":178}},"s":{"0":0,"1":0,"2":0,"3":0,"4":0,"5":0,"6":0,"7":0,"8":0,"9":0,"10":0,"11":0,"12":0,"13":0,"14":0,"15":0,"16":0,"17":0,"18":0,"19":0,"20":0,"21":0,"22":0,"23":0,"24":0,"25":0,"26":0,"27":0,"28":0},"f":{"0":0,"1":0,"2":0,"3":0,"4":0,"5":0,"6":0,"7":0,"8":0},"b":{"0":[0,0],"1":[0,0],"2":[0,0,0],"3":[0,0],"4":[0,0],"5":[0,0],"6":[0,0],"7":[0,0],"8":[0,0],"9":[0,0],"10":[0,0],"11":[0,0],"12":[0,0],"13":[0,0],"14":[0,0],"15":[0,0],"16":[0,0],"17":[0,0]}}
,"D:\\AI info\\v76-gems\\airag-poc\\frontend\\app\\chat.tsx": {"path":"D:\\AI info\\v76-gems\\airag-poc\\frontend\\app\\chat.tsx","statementMap":{"0":{"start":{"line":23,"column":45},"end":{"line":28,"column":1}},"1":{"start":{"line":31,"column":16},"end":{"line":31,"column":32}},"2":{"start":{"line":32,"column":2},"end":{"line":42,"column":4}},"3":{"start":{"line":35,"column":8},"end":{"line":38,"column":13}},"4":{"start":{"line":46,"column":15},"end":{"line":46,"column":51}},"5":{"start":{"line":46,"column":40},"end":{"line":46,"column":50}},"6":{"start":{"line":47,"column":16},"end":{"line":47,"column":32}},"7":{"start":{"line":48,"column":16},"end":{"line":48,"column":64}},"8":{"start":{"line":50,"column":20},"end":{"line":50,"column":59}},"9":{"start":{"line":51,"column":19},"end":{"line":51,"column":58}},"10":{"start":{"line":52,"column":17},"end":{"line":52,"column":83}},"11":{"start":{"line":53,"column":21},"end":{"line":53,"column":87}},"12":{"start":{"line":55,"column":2},"end":{"line":65,"column":4}},"13":{"start":{"line":69,"column":30},"end":{"line":74,"column":1}},"14":{"start":{"line":77,"column":19},"end":{"line":77,"column":33}},"15":{"start":{"line":78,"column":18},"end":{"line":78,"column":40}},"16":{"start":{"line":79,"column":19},"end":{"line":79,"column":55}},"17":{"start":{"line":81,"column":15},"end":{"line":81,"column":51}},"18":{"start":{"line":81,"column":40},"end":{"line":81,"column":50}},"19":{"start":{"line":82,"column":16},"end":{"line":82,"column":32}},"20":{"start":{"line":84,"column":34},"end":{"line":90,"column":4}},"21":{"start":{"line":91,"column":36},"end":{"line":91,"column":48}},"22":{"start":{"line":92,"column":42},"end":{"line":92,"column":57}},"23":{"start":{"line":93,"column":40},"end":{"line":93,"column":53}},"24":{"start":{"line":94,"column":26},"end":{"line":94,"column":37}},"25":{"start":{"line":95,"column":44},"end":{"line":95,"column":67}},"26":{"start":{"line":96,"column":42},"end":{"line":96,"column":184}},"27":{"start":{"line":97,"column":48},"end":{"line":97,"column":62}},"28":{"start":{"line":98,"column":20},"end":{"line":98,"column":44}},"29":{"start":{"line":100,"column":2},"end":{"line":102,"column":17}},"30":{"start":{"line":101,"column":4},"end":{"line":101,"column":78}},"31":{"start":{"line":101,"column":21},"end":{"line":101,"column":71}},"32":{"start":{"line":104,"column":21},"end":{"line":174,"column":3}},"33":{"start":{"line":105,"column":18},"end":{"line":105,"column":35}},"34":{"start":{"line":106,"column":4},"end":{"line":106,"column":46}},"35":{"start":{"line":106,"column":39},"end":{"line":106,"column":46}},"36":{"start":{"line":107,"column":4},"end":{"line":107,"column":30}},"37":{"start":{"line":109,"column":29},"end":{"line":109,"column":82}},"38":{"start":{"line":110,"column":24},"end":{"line":110,"column":40}},"39":{"start":{"line":111,"column":34},"end":{"line":119,"column":5}},"40":{"start":{"line":121,"column":4},"end":{"line":121,"column":58}},"41":{"start":{"line":121,"column":24},"end":{"line":121,"column":56}},"42":{"start":{"line":122,"column":4},"end":{"line":122,"column":21}},"43":{"start":{"line":123,"column":4},"end":{"line":123,"column":26}},"44":{"start":{"line":125,"column":28},"end":{"line":125,"column":49}},"45":{"start":{"line":126,"column":22},"end":{"line":126,"column":32}},"46":{"start":{"line":128,"column":4},"end":{"line":173,"column":7}},"47":{"start":{"line":133,"column":8},"end":{"line":161,"column":9}},"48":{"start":{"line":135,"column":29},"end":{"line":135,"column":60}},"49":{"start":{"line":136,"column":28},"end":{"line":140,"column":12}},"50":{"start":{"line":137,"column":29},"end":{"line":137,"column":94}},"51":{"start":{"line":138,"column":26},"end":{"line":138,"column":66}},"52":{"start":{"line":139,"column":12},"end":{"line":139,"column":42}},"53":{"start":{"line":141,"column":10},"end":{"line":143,"column":13}},"54":{"start":{"line":141,"column":30},"end":{"line":143,"column":11}},"55":{"start":{"line":142,"column":12},"end":{"line":142,"column":69}},"56":{"start":{"line":144,"column":15},"end":{"line":161,"column":9}},"57":{"start":{"line":146,"column":10},"end":{"line":148,"column":13}},"58":{"start":{"line":146,"column":30},"end":{"line":148,"column":11}},"59":{"start":{"line":147,"column":12},"end":{"line":147,"column":80}},"60":{"start":{"line":149,"column":15},"end":{"line":161,"column":9}},"61":{"start":{"line":150,"column":26},"end":{"line":150,"column":48}},"62":{"start":{"line":152,"column":10},"end":{"line":159,"column":13}},"63":{"start":{"line":152,"column":30},"end":{"line":159,"column":11}},"64":{"start":{"line":153,"column":12},"end":{"line":158,"column":17}},"65":{"start":{"line":160,"column":10},"end":{"line":160,"column":33}},"66":{"start":{"line":164,"column":6},"end":{"line":164,"column":45}},"67":{"start":{"line":165,"column":6},"end":{"line":171,"column":9}},"68":{"start":{"line":165,"column":26},"end":{"line":171,"column":7}},"69":{"start":{"line":166,"column":8},"end":{"line":170,"column":13}},"70":{"start":{"line":172,"column":6},"end":{"line":172,"column":29}},"71":{"start":{"line":176,"column":27},"end":{"line":176,"column":80}},"72":{"start":{"line":176,"column":44},"end":{"line":176,"column":66}},"73":{"start":{"line":178,"column":2},"end":{"line":578,"column":4}},"74":{"start":{"line":204,"column":14},"end":{"line":204,"column":118}},"75":{"start":{"line":205,"column":14},"end":{"line":205,"column":39}},"76":{"start":{"line":232,"column":18},"end":{"line":249,"column":30}},"77":{"start":{"line":234,"column":35},"end":{"line":234,"column":53}},"78":{"start":{"line":235,"column":44},"end":{"line":240,"column":22}},"79":{"start":{"line":257,"column":12},"end":{"line":336,"column":19}},"80":{"start":{"line":317,"column":24},"end":{"line":317,"column":69}},"81":{"start":{"line":370,"column":37},"end":{"line":370,"column":49}},"82":{"start":{"line":382,"column":29},"end":{"line":382,"column":41}},"83":{"start":{"line":384,"column":38},"end":{"line":390,"column":16}},"84":{"start":{"line":422,"column":14},"end":{"line":456,"column":26}},"85":{"start":{"line":424,"column":31},"end":{"line":424,"column":53}},"86":{"start":{"line":470,"column":16},"end":{"line":492,"column":28}},"87":{"start":{"line":472,"column":33},"end":{"line":472,"column":50}},"88":{"start":{"line":509,"column":16},"end":{"line":529,"column":28}},"89":{"start":{"line":511,"column":33},"end":{"line":511,"column":43}},"90":{"start":{"line":566,"column":12},"end":{"line":573,"column":19}}},"fnMap":{"0":{"name":"TypingIndicator","decl":{"start":{"line":30,"column":9},"end":{"line":30,"column":24}},"loc":{"start":{"line":30,"column":27},"end":{"line":43,"column":1}},"line":30},"1":{"name":"(anonymous_1)","decl":{"start":{"line":34,"column":21},"end":{"line":34,"column":22}},"loc":{"start":{"line":35,"column":8},"end":{"line":38,"column":13}},"line":35},"2":{"name":"CitationChip","decl":{"start":{"line":45,"column":9},"end":{"line":45,"column":21}},"loc":{"start":{"line":45,"column":76},"end":{"line":66,"column":1}},"line":45},"3":{"name":"(anonymous_3)","decl":{"start":{"line":46,"column":29},"end":{"line":46,"column":30}},"loc":{"start":{"line":46,"column":40},"end":{"line":46,"column":50}},"line":46},"4":{"name":"ChatPlayground","decl":{"start":{"line":76,"column":24},"end":{"line":76,"column":38}},"loc":{"start":{"line":76,"column":41},"end":{"line":579,"column":1}},"line":76},"5":{"name":"(anonymous_5)","decl":{"start":{"line":81,"column":29},"end":{"line":81,"column":30}},"loc":{"start":{"line":81,"column":40},"end":{"line":81,"column":50}},"line":81},"6":{"name":"(anonymous_6)","decl":{"start":{"line":100,"column":12},"end":{"line":100,"column":13}},"loc":{"start":{"line":100,"column":18},"end":{"line":102,"column":3}},"line":100},"7":{"name":"(anonymous_7)","decl":{"start":{"line":101,"column":15},"end":{"line":101,"column":16}},"loc":{"start":{"line":101,"column":21},"end":{"line":101,"column":71}},"line":101},"8":{"name":"(anonymous_8)","decl":{"start":{"line":104,"column":21},"end":{"line":104,"column":22}},"loc":{"start":{"line":104,"column":40},"end":{"line":174,"column":3}},"line":104},"9":{"name":"(anonymous_9)","decl":{"start":{"line":121,"column":16},"end":{"line":121,"column":17}},"loc":{"start":{"line":121,"column":24},"end":{"line":121,"column":56}},"line":121},"10":{"name":"(anonymous_10)","decl":{"start":{"line":132,"column":6},"end":{"line":132,"column":7}},"loc":{"start":{"line":132,"column":46},"end":{"line":162,"column":7}},"line":132},"11":{"name":"(anonymous_11)","decl":{"start":{"line":136,"column":43},"end":{"line":136,"column":44}},"loc":{"start":{"line":136,"column":48},"end":{"line":140,"column":11}},"line":136},"12":{"name":"(anonymous_12)","decl":{"start":{"line":141,"column":22},"end":{"line":141,"column":23}},"loc":{"start":{"line":141,"column":30},"end":{"line":143,"column":11}},"line":141},"13":{"name":"(anonymous_13)","decl":{"start":{"line":141,"column":39},"end":{"line":141,"column":40}},"loc":{"start":{"line":142,"column":12},"end":{"line":142,"column":69}},"line":142},"14":{"name":"(anonymous_14)","decl":{"start":{"line":146,"column":22},"end":{"line":146,"column":23}},"loc":{"start":{"line":146,"column":30},"end":{"line":148,"column":11}},"line":146},"15":{"name":"(anonymous_15)","decl":{"start":{"line":146,"column":39},"end":{"line":146,"column":40}},"loc":{"start":{"line":147,"column":12},"end":{"line":147,"column":80}},"line":147},"16":{"name":"(anonymous_16)","decl":{"start":{"line":152,"column":22},"end":{"line":152,"column":23}},"loc":{"start":{"line":152,"column":30},"end":{"line":159,"column":11}},"line":152},"17":{"name":"(anonymous_17)","decl":{"start":{"line":152,"column":39},"end":{"line":152,"column":40}},"loc":{"start":{"line":153,"column":12},"end":{"line":158,"column":17}},"line":153},"18":{"name":"(anonymous_18)","decl":{"start":{"line":163,"column":12},"end":{"line":163,"column":13}},"loc":{"start":{"line":163,"column":19},"end":{"line":173,"column":5}},"line":163},"19":{"name":"(anonymous_19)","decl":{"start":{"line":165,"column":18},"end":{"line":165,"column":19}},"loc":{"start":{"line":165,"column":26},"end":{"line":171,"column":7}},"line":165},"20":{"name":"(anonymous_20)","decl":{"start":{"line":165,"column":35},"end":{"line":165,"column":36}},"loc":{"start":{"line":166,"column":8},"end":{"line":170,"column":13}},"line":166},"21":{"name":"(anonymous_21)","decl":{"start":{"line":176,"column":39},"end":{"line":176,"column":40}},"loc":{"start":{"line":176,"column":44},"end":{"line":176,"column":66}},"line":176},"22":{"name":"(anonymous_22)","decl":{"start":{"line":203,"column":21},"end":{"line":203,"column":22}},"loc":{"start":{"line":203,"column":27},"end":{"line":206,"column":13}},"line":203},"23":{"name":"(anonymous_23)","decl":{"start":{"line":231,"column":39},"end":{"line":231,"column":40}},"loc":{"start":{"line":232,"column":18},"end":{"line":249,"column":30}},"line":232},"24":{"name":"(anonymous_24)","decl":{"start":{"line":234,"column":29},"end":{"line":234,"column":30}},"loc":{"start":{"line":234,"column":35},"end":{"line":234,"column":53}},"line":234},"25":{"name":"(anonymous_25)","decl":{"start":{"line":235,"column":27},"end":{"line":235,"column":28}},"loc":{"start":{"line":235,"column":44},"end":{"line":240,"column":22}},"line":235},"26":{"name":"(anonymous_26)","decl":{"start":{"line":256,"column":24},"end":{"line":256,"column":25}},"loc":{"start":{"line":257,"column":12},"end":{"line":336,"column":19}},"line":257},"27":{"name":"(anonymous_27)","decl":{"start":{"line":316,"column":41},"end":{"line":316,"column":42}},"loc":{"start":{"line":317,"column":24},"end":{"line":317,"column":69}},"line":317},"28":{"name":"(anonymous_28)","decl":{"start":{"line":370,"column":31},"end":{"line":370,"column":32}},"loc":{"start":{"line":370,"column":37},"end":{"line":370,"column":49}},"line":370},"29":{"name":"(anonymous_29)","decl":{"start":{"line":382,"column":23},"end":{"line":382,"column":24}},"loc":{"start":{"line":382,"column":29},"end":{"line":382,"column":41}},"line":382},"30":{"name":"(anonymous_30)","decl":{"start":{"line":384,"column":21},"end":{"line":384,"column":22}},"loc":{"start":{"line":384,"column":38},"end":{"line":390,"column":16}},"line":384},"31":{"name":"(anonymous_31)","decl":{"start":{"line":421,"column":24},"end":{"line":421,"column":25}},"loc":{"start":{"line":422,"column":14},"end":{"line":456,"column":26}},"line":422},"32":{"name":"(anonymous_32)","decl":{"start":{"line":424,"column":25},"end":{"line":424,"column":26}},"loc":{"start":{"line":424,"column":31},"end":{"line":424,"column":53}},"line":424},"33":{"name":"(anonymous_33)","decl":{"start":{"line":469,"column":45},"end":{"line":469,"column":46}},"loc":{"start":{"line":470,"column":16},"end":{"line":492,"column":28}},"line":470},"34":{"name":"(anonymous_34)","decl":{"start":{"line":472,"column":27},"end":{"line":472,"column":28}},"loc":{"start":{"line":472,"column":33},"end":{"line":472,"column":50}},"line":472},"35":{"name":"(anonymous_35)","decl":{"start":{"line":508,"column":36},"end":{"line":508,"column":37}},"loc":{"start":{"line":509,"column":16},"end":{"line":529,"column":28}},"line":509},"36":{"name":"(anonymous_36)","decl":{"start":{"line":511,"column":27},"end":{"line":511,"column":28}},"loc":{"start":{"line":511,"column":33},"end":{"line":511,"column":43}},"line":511},"37":{"name":"(anonymous_37)","decl":{"start":{"line":565,"column":16},"end":{"line":565,"column":17}},"loc":{"start":{"line":566,"column":12},"end":{"line":573,"column":19}},"line":566}},"branchMap":{"0":{"loc":{"start":{"line":48,"column":16},"end":{"line":48,"column":64}},"type":"binary-expr","locations":[{"start":{"line":48,"column":16},"end":{"line":48,"column":54}},{"start":{"line":48,"column":58},"end":{"line":48,"column":64}}],"line":48},"1":{"loc":{"start":{"line":50,"column":20},"end":{"line":50,"column":59}},"type":"cond-expr","locations":[{"start":{"line":50,"column":38},"end":{"line":50,"column":47}},{"start":{"line":50,"column":50},"end":{"line":50,"column":59}}],"line":50},"2":{"loc":{"start":{"line":51,"column":19},"end":{"line":51,"column":58}},"type":"cond-expr","locations":[{"start":{"line":51,"column":37},"end":{"line":51,"column":46}},{"start":{"line":51,"column":49},"end":{"line":51,"column":58}}],"line":51},"3":{"loc":{"start":{"line":52,"column":17},"end":{"line":52,"column":83}},"type":"cond-expr","locations":[{"start":{"line":52,"column":35},"end":{"line":52,"column":57}},{"start":{"line":52,"column":60},"end":{"line":52,"column":83}}],"line":52},"4":{"loc":{"start":{"line":53,"column":21},"end":{"line":53,"column":87}},"type":"cond-expr","locations":[{"start":{"line":53,"column":39},"end":{"line":53,"column":62}},{"start":{"line":53,"column":65},"end":{"line":53,"column":87}}],"line":53},"5":{"loc":{"start":{"line":79,"column":19},"end":{"line":79,"column":55}},"type":"binary-expr","locations":[{"start":{"line":79,"column":19},"end":{"line":79,"column":44}},{"start":{"line":79,"column":48},"end":{"line":79,"column":55}}],"line":79},"6":{"loc":{"start":{"line":105,"column":18},"end":{"line":105,"column":35}},"type":"binary-expr","locations":[{"start":{"line":105,"column":18},"end":{"line":105,"column":22}},{"start":{"line":105,"column":26},"end":{"line":105,"column":35}}],"line":105},"7":{"loc":{"start":{"line":106,"column":4},"end":{"line":106,"column":46}},"type":"if","locations":[{"start":{"line":106,"column":4},"end":{"line":106,"column":46}},{"start":{},"end":{}}],"line":106},"8":{"loc":{"start":{"line":106,"column":8},"end":{"line":106,"column":37}},"type":"binary-expr","locations":[{"start":{"line":106,"column":8},"end":{"line":106,"column":21}},{"start":{"line":106,"column":25},"end":{"line":106,"column":37}}],"line":106},"9":{"loc":{"start":{"line":133,"column":8},"end":{"line":161,"column":9}},"type":"if","locations":[{"start":{"line":133,"column":8},"end":{"line":161,"column":9}},{"start":{"line":144,"column":15},"end":{"line":161,"column":9}}],"line":133},"10":{"loc":{"start":{"line":135,"column":29},"end":{"line":135,"column":60}},"type":"cond-expr","locations":[{"start":{"line":135,"column":51},"end":{"line":135,"column":55}},{"start":{"line":135,"column":58},"end":{"line":135,"column":60}}],"line":135},"11":{"loc":{"start":{"line":137,"column":29},"end":{"line":137,"column":94}},"type":"binary-expr","locations":[{"start":{"line":137,"column":29},"end":{"line":137,"column":49}},{"start":{"line":137,"column":53},"end":{"line":137,"column":69}},{"start":{"line":137,"column":73},"end":{"line":137,"column":85}},{"start":{"line":137,"column":89},"end":{"line":137,"column":94}}],"line":137},"12":{"loc":{"start":{"line":138,"column":26},"end":{"line":138,"column":66}},"type":"binary-expr","locations":[{"start":{"line":138,"column":26},"end":{"line":138,"column":43}},{"start":{"line":138,"column":47},"end":{"line":138,"column":66}}],"line":138},"13":{"loc":{"start":{"line":142,"column":12},"end":{"line":142,"column":69}},"type":"cond-expr","locations":[{"start":{"line":142,"column":35},"end":{"line":142,"column":65}},{"start":{"line":142,"column":68},"end":{"line":142,"column":69}}],"line":142},"14":{"loc":{"start":{"line":144,"column":15},"end":{"line":161,"column":9}},"type":"if","locations":[{"start":{"line":144,"column":15},"end":{"line":161,"column":9}},{"start":{"line":149,"column":15},"end":{"line":161,"column":9}}],"line":144},"15":{"loc":{"start":{"line":147,"column":12},"end":{"line":147,"column":80}},"type":"cond-expr","locations":[{"start":{"line":147,"column":35},"end":{"line":147,"column":76}},{"start":{"line":147,"column":79},"end":{"line":147,"column":80}}],"line":147},"16":{"loc":{"start":{"line":149,"column":15},"end":{"line":161,"column":9}},"type":"if","locations":[{"start":{"line":149,"column":15},"end":{"line":161,"column":9}},{"start":{},"end":{}}],"line":149},"17":{"loc":{"start":{"line":153,"column":12},"end":{"line":158,"column":17}},"type":"cond-expr","locations":[{"start":{"line":153,"column":35},"end":{"line":158,"column":13}},{"start":{"line":158,"column":16},"end":{"line":158,"column":17}}],"line":153},"18":{"loc":{"start":{"line":166,"column":8},"end":{"line":170,"column":13}},"type":"cond-expr","locations":[{"start":{"line":166,"column":31},"end":{"line":170,"column":9}},{"start":{"line":170,"column":12},"end":{"line":170,"column":13}}],"line":166},"19":{"loc":{"start":{"line":176,"column":27},"end":{"line":176,"column":80}},"type":"binary-expr","locations":[{"start":{"line":176,"column":27},"end":{"line":176,"column":67}},{"start":{"line":176,"column":71},"end":{"line":176,"column":80}}],"line":176},"20":{"loc":{"start":{"line":194,"column":84},"end":{"line":194,"column":123}},"type":"cond-expr","locations":[{"start":{"line":194,"column":102},"end":{"line":194,"column":111}},{"start":{"line":194,"column":114},"end":{"line":194,"column":123}}],"line":194},"21":{"loc":{"start":{"line":198,"column":44},"end":{"line":198,"column":83}},"type":"cond-expr","locations":[{"start":{"line":198,"column":62},"end":{"line":198,"column":71}},{"start":{"line":198,"column":74},"end":{"line":198,"column":83}}],"line":198},"22":{"loc":{"start":{"line":225,"column":11},"end":{"line":253,"column":11}},"type":"binary-expr","locations":[{"start":{"line":225,"column":11},"end":{"line":225,"column":26}},{"start":{"line":225,"column":30},"end":{"line":225,"column":50}},{"start":{"line":226,"column":12},"end":{"line":252,"column":19}}],"line":225},"23":{"loc":{"start":{"line":237,"column":39},"end":{"line":237,"column":81}},"type":"cond-expr","locations":[{"start":{"line":237,"column":49},"end":{"line":237,"column":65}},{"start":{"line":237,"column":68},"end":{"line":237,"column":81}}],"line":237},"24":{"loc":{"start":{"line":261,"column":27},"end":{"line":261,"column":76}},"type":"cond-expr","locations":[{"start":{"line":261,"column":51},"end":{"line":261,"column":61}},{"start":{"line":261,"column":64},"end":{"line":261,"column":76}}],"line":261},"25":{"loc":{"start":{"line":268,"column":23},"end":{"line":268,"column":90}},"type":"cond-expr","locations":[{"start":{"line":268,"column":47},"end":{"line":268,"column":67}},{"start":{"line":268,"column":70},"end":{"line":268,"column":90}}],"line":268},"26":{"loc":{"start":{"line":270,"column":27},"end":{"line":270,"column":76}},"type":"cond-expr","locations":[{"start":{"line":270,"column":51},"end":{"line":270,"column":61}},{"start":{"line":270,"column":64},"end":{"line":270,"column":76}}],"line":270},"27":{"loc":{"start":{"line":272,"column":17},"end":{"line":272,"column":61}},"type":"cond-expr","locations":[{"start":{"line":272,"column":41},"end":{"line":272,"column":46}},{"start":{"line":272,"column":49},"end":{"line":272,"column":61}}],"line":272},"28":{"loc":{"start":{"line":278,"column":17},"end":{"line":286,"column":15}},"type":"cond-expr","locations":[{"start":{"line":278,"column":41},"end":{"line":282,"column":15}},{"start":{"line":282,"column":18},"end":{"line":286,"column":15}}],"line":278},"29":{"loc":{"start":{"line":279,"column":33},"end":{"line":279,"column":100}},"type":"cond-expr","locations":[{"start":{"line":279,"column":51},"end":{"line":279,"column":74}},{"start":{"line":279,"column":77},"end":{"line":279,"column":100}}],"line":279},"30":{"loc":{"start":{"line":280,"column":45},"end":{"line":280,"column":111}},"type":"cond-expr","locations":[{"start":{"line":280,"column":63},"end":{"line":280,"column":85}},{"start":{"line":280,"column":88},"end":{"line":280,"column":111}}],"line":280},"31":{"loc":{"start":{"line":287,"column":17},"end":{"line":298,"column":17}},"type":"cond-expr","locations":[{"start":{"line":288,"column":18},"end":{"line":288,"column":37}},{"start":{"line":290,"column":18},"end":{"line":297,"column":25}}],"line":287},"32":{"loc":{"start":{"line":287,"column":17},"end":{"line":287,"column":51}},"type":"binary-expr","locations":[{"start":{"line":287,"column":17},"end":{"line":287,"column":32}},{"start":{"line":287,"column":36},"end":{"line":287,"column":51}}],"line":287},"33":{"loc":{"start":{"line":291,"column":27},"end":{"line":293,"column":42}},"type":"cond-expr","locations":[{"start":{"line":292,"column":25},"end":{"line":292,"column":64}},{"start":{"line":293,"column":24},"end":{"line":293,"column":42}}],"line":291},"34":{"loc":{"start":{"line":292,"column":25},"end":{"line":292,"column":64}},"type":"cond-expr","locations":[{"start":{"line":292,"column":43},"end":{"line":292,"column":52}},{"start":{"line":292,"column":55},"end":{"line":292,"column":64}}],"line":292},"35":{"loc":{"start":{"line":300,"column":17},"end":{"line":305,"column":17}},"type":"binary-expr","locations":[{"start":{"line":300,"column":17},"end":{"line":300,"column":32}},{"start":{"line":300,"column":36},"end":{"line":300,"column":51}},{"start":{"line":301,"column":18},"end":{"line":304,"column":23}}],"line":300},"36":{"loc":{"start":{"line":308,"column":17},"end":{"line":334,"column":17}},"type":"binary-expr","locations":[{"start":{"line":308,"column":17},"end":{"line":308,"column":33}},{"start":{"line":308,"column":37},"end":{"line":308,"column":50}},{"start":{"line":308,"column":54},"end":{"line":308,"column":78}},{"start":{"line":309,"column":18},"end":{"line":333,"column":25}}],"line":308},"37":{"loc":{"start":{"line":322,"column":23},"end":{"line":326,"column":23}},"type":"binary-expr","locations":[{"start":{"line":322,"column":23},"end":{"line":322,"column":34}},{"start":{"line":322,"column":38},"end":{"line":322,"column":53}},{"start":{"line":323,"column":24},"end":{"line":325,"column":31}}],"line":322},"38":{"loc":{"start":{"line":327,"column":23},"end":{"line":331,"column":23}},"type":"binary-expr","locations":[{"start":{"line":327,"column":23},"end":{"line":327,"column":33}},{"start":{"line":327,"column":37},"end":{"line":327,"column":51}},{"start":{"line":328,"column":24},"end":{"line":330,"column":31}}],"line":327},"39":{"loc":{"start":{"line":340,"column":11},"end":{"line":350,"column":11}},"type":"binary-expr","locations":[{"start":{"line":340,"column":11},"end":{"line":340,"column":23}},{"start":{"line":340,"column":27},"end":{"line":340,"column":80}},{"start":{"line":340,"column":84},"end":{"line":340,"column":126}},{"start":{"line":341,"column":12},"end":{"line":349,"column":19}}],"line":340},"40":{"loc":{"start":{"line":361,"column":29},"end":{"line":361,"column":92}},"type":"cond-expr","locations":[{"start":{"line":361,"column":47},"end":{"line":361,"column":71}},{"start":{"line":361,"column":74},"end":{"line":361,"column":92}}],"line":361},"41":{"loc":{"start":{"line":383,"column":24},"end":{"line":383,"column":57}},"type":"binary-expr","locations":[{"start":{"line":383,"column":24},"end":{"line":383,"column":36}},{"start":{"line":383,"column":40},"end":{"line":383,"column":57}}],"line":383},"42":{"loc":{"start":{"line":387,"column":25},"end":{"line":387,"column":70}},"type":"cond-expr","locations":[{"start":{"line":387,"column":63},"end":{"line":387,"column":66}},{"start":{"line":387,"column":69},"end":{"line":387,"column":70}}],"line":387},"43":{"loc":{"start":{"line":387,"column":26},"end":{"line":387,"column":59}},"type":"binary-expr","locations":[{"start":{"line":387,"column":26},"end":{"line":387,"column":38}},{"start":{"line":387,"column":42},"end":{"line":387,"column":59}}],"line":387},"44":{"loc":{"start":{"line":388,"column":37},"end":{"line":388,"column":55}},"type":"cond-expr","locations":[{"start":{"line":388,"column":47},"end":{"line":388,"column":51}},{"start":{"line":388,"column":54},"end":{"line":388,"column":55}}],"line":388},"45":{"loc":{"start":{"line":392,"column":15},"end":{"line":394,"column":91}},"type":"cond-expr","locations":[{"start":{"line":393,"column":18},"end":{"line":393,"column":65}},{"start":{"line":394,"column":18},"end":{"line":394,"column":91}}],"line":392},"46":{"loc":{"start":{"line":405,"column":7},"end":{"line":576,"column":7}},"type":"binary-expr","locations":[{"start":{"line":405,"column":7},"end":{"line":405,"column":28}},{"start":{"line":405,"column":32},"end":{"line":405,"column":39}},{"start":{"line":406,"column":8},"end":{"line":575,"column":15}}],"line":405},"47":{"loc":{"start":{"line":428,"column":35},"end":{"line":428,"column":144}},"type":"cond-expr","locations":[{"start":{"line":428,"column":60},"end":{"line":428,"column":76}},{"start":{"line":428,"column":80},"end":{"line":428,"column":143}}],"line":428},"48":{"loc":{"start":{"line":428,"column":80},"end":{"line":428,"column":143}},"type":"cond-expr","locations":[{"start":{"line":428,"column":98},"end":{"line":428,"column":122}},{"start":{"line":428,"column":125},"end":{"line":428,"column":143}}],"line":428},"49":{"loc":{"start":{"line":430,"column":31},"end":{"line":430,"column":148}},"type":"cond-expr","locations":[{"start":{"line":430,"column":57},"end":{"line":430,"column":124}},{"start":{"line":430,"column":128},"end":{"line":430,"column":148}}],"line":430},"50":{"loc":{"start":{"line":430,"column":57},"end":{"line":430,"column":124}},"type":"cond-expr","locations":[{"start":{"line":430,"column":75},"end":{"line":430,"column":98}},{"start":{"line":430,"column":101},"end":{"line":430,"column":124}}],"line":430},"51":{"loc":{"start":{"line":434,"column":25},"end":{"line":436,"column":42}},"type":"cond-expr","locations":[{"start":{"line":435,"column":23},"end":{"line":435,"column":62}},{"start":{"line":436,"column":22},"end":{"line":436,"column":42}}],"line":434},"52":{"loc":{"start":{"line":435,"column":23},"end":{"line":435,"column":62}},"type":"cond-expr","locations":[{"start":{"line":435,"column":41},"end":{"line":435,"column":50}},{"start":{"line":435,"column":53},"end":{"line":435,"column":62}}],"line":435},"53":{"loc":{"start":{"line":443,"column":35},"end":{"line":445,"column":87}},"type":"cond-expr","locations":[{"start":{"line":444,"column":23},"end":{"line":444,"column":89}},{"start":{"line":445,"column":23},"end":{"line":445,"column":86}}],"line":443},"54":{"loc":{"start":{"line":444,"column":23},"end":{"line":444,"column":89}},"type":"cond-expr","locations":[{"start":{"line":444,"column":41},"end":{"line":444,"column":63}},{"start":{"line":444,"column":66},"end":{"line":444,"column":89}}],"line":444},"55":{"loc":{"start":{"line":445,"column":23},"end":{"line":445,"column":86}},"type":"cond-expr","locations":[{"start":{"line":445,"column":41},"end":{"line":445,"column":65}},{"start":{"line":445,"column":68},"end":{"line":445,"column":86}}],"line":445},"56":{"loc":{"start":{"line":448,"column":27},"end":{"line":450,"column":40}},"type":"cond-expr","locations":[{"start":{"line":449,"column":24},"end":{"line":449,"column":44}},{"start":{"line":450,"column":24},"end":{"line":450,"column":40}}],"line":448},"57":{"loc":{"start":{"line":475,"column":37},"end":{"line":477,"column":89}},"type":"cond-expr","locations":[{"start":{"line":476,"column":25},"end":{"line":476,"column":91}},{"start":{"line":477,"column":25},"end":{"line":477,"column":88}}],"line":475},"58":{"loc":{"start":{"line":476,"column":25},"end":{"line":476,"column":91}},"type":"cond-expr","locations":[{"start":{"line":476,"column":43},"end":{"line":476,"column":65}},{"start":{"line":476,"column":68},"end":{"line":476,"column":91}}],"line":476},"59":{"loc":{"start":{"line":477,"column":25},"end":{"line":477,"column":88}},"type":"cond-expr","locations":[{"start":{"line":477,"column":43},"end":{"line":477,"column":67}},{"start":{"line":477,"column":70},"end":{"line":477,"column":88}}],"line":477},"60":{"loc":{"start":{"line":479,"column":33},"end":{"line":481,"column":44}},"type":"cond-expr","locations":[{"start":{"line":480,"column":25},"end":{"line":480,"column":91}},{"start":{"line":481,"column":24},"end":{"line":481,"column":44}}],"line":479},"61":{"loc":{"start":{"line":480,"column":25},"end":{"line":480,"column":91}},"type":"cond-expr","locations":[{"start":{"line":480,"column":43},"end":{"line":480,"column":65}},{"start":{"line":480,"column":68},"end":{"line":480,"column":91}}],"line":480},"62":{"loc":{"start":{"line":485,"column":27},"end":{"line":487,"column":44}},"type":"cond-expr","locations":[{"start":{"line":486,"column":25},"end":{"line":486,"column":64}},{"start":{"line":487,"column":24},"end":{"line":487,"column":44}}],"line":485},"63":{"loc":{"start":{"line":486,"column":25},"end":{"line":486,"column":64}},"type":"cond-expr","locations":[{"start":{"line":486,"column":43},"end":{"line":486,"column":52}},{"start":{"line":486,"column":55},"end":{"line":486,"column":64}}],"line":486},"64":{"loc":{"start":{"line":505,"column":36},"end":{"line":505,"column":75}},"type":"cond-expr","locations":[{"start":{"line":505,"column":54},"end":{"line":505,"column":63}},{"start":{"line":505,"column":66},"end":{"line":505,"column":75}}],"line":505},"65":{"loc":{"start":{"line":514,"column":37},"end":{"line":516,"column":89}},"type":"cond-expr","locations":[{"start":{"line":515,"column":25},"end":{"line":515,"column":90}},{"start":{"line":516,"column":25},"end":{"line":516,"column":88}}],"line":514},"66":{"loc":{"start":{"line":515,"column":25},"end":{"line":515,"column":90}},"type":"cond-expr","locations":[{"start":{"line":515,"column":43},"end":{"line":515,"column":64}},{"start":{"line":515,"column":67},"end":{"line":515,"column":90}}],"line":515},"67":{"loc":{"start":{"line":516,"column":25},"end":{"line":516,"column":88}},"type":"cond-expr","locations":[{"start":{"line":516,"column":43},"end":{"line":516,"column":67}},{"start":{"line":516,"column":70},"end":{"line":516,"column":88}}],"line":516},"68":{"loc":{"start":{"line":518,"column":33},"end":{"line":520,"column":44}},"type":"cond-expr","locations":[{"start":{"line":519,"column":25},"end":{"line":519,"column":90}},{"start":{"line":520,"column":24},"end":{"line":520,"column":44}}],"line":518},"69":{"loc":{"start":{"line":519,"column":25},"end":{"line":519,"column":90}},"type":"cond-expr","locations":[{"start":{"line":519,"column":43},"end":{"line":519,"column":64}},{"start":{"line":519,"column":67},"end":{"line":519,"column":90}}],"line":519},"70":{"loc":{"start":{"line":524,"column":27},"end":{"line":526,"column":44}},"type":"cond-expr","locations":[{"start":{"line":525,"column":25},"end":{"line":525,"column":64}},{"start":{"line":526,"column":24},"end":{"line":526,"column":44}}],"line":524},"71":{"loc":{"start":{"line":525,"column":25},"end":{"line":525,"column":64}},"type":"cond-expr","locations":[{"start":{"line":525,"column":43},"end":{"line":525,"column":52}},{"start":{"line":525,"column":55},"end":{"line":525,"column":64}}],"line":525}},"s":{"0":1,"1":4,"2":4,"3":12,"4":1,"5":3,"6":1,"7":1,"8":1,"9":1,"10":1,"11":1,"12":1,"13":1,"14":7,"15":7,"16":7,"17":7,"18":21,"19":7,"20":7,"21":7,"22":7,"23":7,"24":7,"25":7,"26":7,"27":7,"28":7,"29":7,"30":6,"31":0,"32":7,"33":2,"34":2,"35":0,"36":2,"37":2,"38":2,"39":2,"40":2,"41":2,"42":2,"43":2,"44":2,"45":2,"46":2,"47":4,"48":1,"49":1,"50":1,"51":1,"52":1,"53":1,"54":1,"55":3,"56":3,"57":2,"58":2,"59":6,"60":1,"61":1,"62":1,"63":1,"64":3,"65":1,"66":0,"67":0,"68":0,"69":0,"70":0,"71":7,"72":14,"73":7,"74":0,"75":0,"76":16,"77":1,"78":16,"79":13,"80":1,"81":0,"82":1,"83":7,"84":0,"85":0,"86":0,"87":0,"88":0,"89":0,"90":0},"f":{"0":4,"1":12,"2":1,"3":3,"4":7,"5":21,"6":6,"7":0,"8":2,"9":2,"10":4,"11":1,"12":1,"13":3,"14":2,"15":6,"16":1,"17":3,"18":0,"19":0,"20":0,"21":14,"22":0,"23":16,"24":1,"25":16,"26":13,"27":1,"28":0,"29":1,"30":7,"31":0,"32":0,"33":0,"34":0,"35":0,"36":0,"37":0},"b":{"0":[1,0],"1":[1,0],"2":[1,0],"3":[1,0],"4":[1,0],"5":[7,0],"6":[2,1],"7":[0,2],"8":[2,2],"9":[1,3],"10":[1,0],"11":[1,0,0,0],"12":[1,1],"13":[1,2],"14":[2,1],"15":[2,4],"16":[1,0],"17":[1,2],"18":[0,0],"19":[7,0],"20":[7,0],"21":[7,0],"22":[7,4,4],"23":[0,16],"24":[3,10],"25":[3,10],"26":[3,10],"27":[3,10],"28":[3,10],"29":[3,0],"30":[3,0],"31":[2,11],"32":[13,2],"33":[3,8],"34":[3,0],"35":[13,2,0],"36":[13,11,1,1],"37":[1,1,1],"38":[1,1,1],"39":[7,2,2,2],"40":[7,0],"41":[7,5],"42":[6,1],"43":[7,5],"44":[0,7],"45":[2,5],"46":[7,0,0],"47":[0,0],"48":[0,0],"49":[0,0],"50":[0,0],"51":[0,0],"52":[0,0],"53":[0,0],"54":[0,0],"55":[0,0],"56":[0,0],"57":[0,0],"58":[0,0],"59":[0,0],"60":[0,0],"61":[0,0],"62":[0,0],"63":[0,0],"64":[0,0],"65":[0,0],"66":[0,0],"67":[0,0],"68":[0,0],"69":[0,0],"70":[0,0],"71":[0,0]},"_coverageSchema":"1a1c01bbd47fc00a2c39e90264f33305004495a9","hash":"a340b3ee055be2ea6b67a59c8e24699ae07d810e"}
,"D:\\AI info\\v76-gems\\airag-poc\\frontend\\app\\documents.tsx": {"path":"D:\\AI info\\v76-gems\\airag-poc\\frontend\\app\\documents.tsx","statementMap":{"0":{"start":{"line":28,"column":43},"end":{"line":30,"column":1}},"1":{"start":{"line":33,"column":14},"end":{"line":33,"column":63}},"2":{"start":{"line":34,"column":2},"end":{"line":34,"column":47}},"3":{"start":{"line":38,"column":2},"end":{"line":38,"column":56}},"4":{"start":{"line":42,"column":15},"end":{"line":42,"column":51}},"5":{"start":{"line":42,"column":40},"end":{"line":42,"column":50}},"6":{"start":{"line":43,"column":16},"end":{"line":43,"column":32}},"7":{"start":{"line":44,"column":14},"end":{"line":44,"column":65}},"8":{"start":{"line":46,"column":16},"end":{"line":50,"column":49}},"9":{"start":{"line":52,"column":2},"end":{"line":62,"column":4}},"10":{"start":{"line":66,"column":15},"end":{"line":66,"column":51}},"11":{"start":{"line":66,"column":40},"end":{"line":66,"column":50}},"12":{"start":{"line":67,"column":16},"end":{"line":67,"column":32}},"13":{"start":{"line":69,"column":36},"end":{"line":74,"column":4}},"14":{"start":{"line":76,"column":40},"end":{"line":76,"column":52}},"15":{"start":{"line":77,"column":40},"end":{"line":77,"column":55}},"16":{"start":{"line":78,"column":44},"end":{"line":78,"column":72}},"17":{"start":{"line":79,"column":36},"end":{"line":79,"column":81}},"18":{"start":{"line":80,"column":40},"end":{"line":80,"column":55}},"19":{"start":{"line":82,"column":102},"end":{"line":87,"column":3}},"20":{"start":{"line":89,"column":29},"end":{"line":137,"column":3}},"21":{"start":{"line":90,"column":4},"end":{"line":90,"column":25}},"22":{"start":{"line":91,"column":4},"end":{"line":136,"column":5}},"23":{"start":{"line":92,"column":18},"end":{"line":92,"column":100}},"24":{"start":{"line":93,"column":6},"end":{"line":126,"column":7}},"25":{"start":{"line":94,"column":21},"end":{"line":94,"column":34}},"26":{"start":{"line":96,"column":25},"end":{"line":96,"column":39}},"27":{"start":{"line":97,"column":26},"end":{"line":101,"column":16}},"28":{"start":{"line":102,"column":8},"end":{"line":102,"column":43}},"29":{"start":{"line":104,"column":26},"end":{"line":107,"column":10}},"30":{"start":{"line":109,"column":8},"end":{"line":111,"column":9}},"31":{"start":{"line":110,"column":10},"end":{"line":110,"column":70}},"32":{"start":{"line":113,"column":21},"end":{"line":113,"column":43}},"33":{"start":{"line":115,"column":35},"end":{"line":124,"column":9}},"34":{"start":{"line":125,"column":8},"end":{"line":125,"column":42}},"35":{"start":{"line":125,"column":26},"end":{"line":125,"column":40}},"36":{"start":{"line":128,"column":6},"end":{"line":128,"column":44}},"37":{"start":{"line":129,"column":6},"end":{"line":133,"column":7}},"38":{"start":{"line":130,"column":8},"end":{"line":130,"column":89}},"39":{"start":{"line":132,"column":8},"end":{"line":132,"column":77}},"40":{"start":{"line":135,"column":6},"end":{"line":135,"column":28}},"41":{"start":{"line":139,"column":23},"end":{"line":179,"column":3}},"42":{"start":{"line":140,"column":4},"end":{"line":140,"column":36}},"43":{"start":{"line":140,"column":29},"end":{"line":140,"column":36}},"44":{"start":{"line":141,"column":4},"end":{"line":141,"column":25}},"45":{"start":{"line":142,"column":4},"end":{"line":142,"column":25}},"46":{"start":{"line":144,"column":4},"end":{"line":178,"column":5}},"47":{"start":{"line":145,"column":18},"end":{"line":151,"column":8}},"48":{"start":{"line":153,"column":6},"end":{"line":155,"column":7}},"49":{"start":{"line":154,"column":8},"end":{"line":154,"column":61}},"50":{"start":{"line":157,"column":19},"end":{"line":157,"column":35}},"51":{"start":{"line":158,"column":24},"end":{"line":158,"column":69}},"52":{"start":{"line":160,"column":38},"end":{"line":166,"column":9}},"53":{"start":{"line":160,"column":65},"end":{"line":166,"column":7}},"54":{"start":{"line":168,"column":6},"end":{"line":168,"column":32}},"55":{"start":{"line":170,"column":6},"end":{"line":170,"column":46}},"56":{"start":{"line":171,"column":6},"end":{"line":175,"column":7}},"57":{"start":{"line":172,"column":8},"end":{"line":172,"column":85}},"58":{"start":{"line":174,"column":8},"end":{"line":174,"column":78}},"59":{"start":{"line":177,"column":6},"end":{"line":177,"column":28}},"60":{"start":{"line":181,"column":24},"end":{"line":181,"column":77}},"61":{"start":{"line":181,"column":46},"end":{"line":181,"column":69}},"62":{"start":{"line":182,"column":24},"end":{"line":182,"column":67}},"63":{"start":{"line":182,"column":51},"end":{"line":182,"column":63}},"64":{"start":{"line":183,"column":26},"end":{"line":183,"column":81}},"65":{"start":{"line":183,"column":48},"end":{"line":183,"column":73}},"66":{"start":{"line":185,"column":2},"end":{"line":493,"column":4}},"67":{"start":{"line":214,"column":14},"end":{"line":217,"column":21}},"68":{"start":{"line":232,"column":48},"end":{"line":238,"column":12}},"69":{"start":{"line":284,"column":12},"end":{"line":313,"column":24}},"70":{"start":{"line":286,"column":29},"end":{"line":286,"column":50}},"71":{"start":{"line":331,"column":16},"end":{"line":334,"column":29}},"72":{"start":{"line":339,"column":26},"end":{"line":339,"column":50}},"73":{"start":{"line":340,"column":14},"end":{"line":396,"column":16}},"74":{"start":{"line":425,"column":41},"end":{"line":430,"column":17}},"75":{"start":{"line":460,"column":18},"end":{"line":485,"column":25}}},"fnMap":{"0":{"name":"getFileIcon","decl":{"start":{"line":32,"column":9},"end":{"line":32,"column":20}},"loc":{"start":{"line":32,"column":35},"end":{"line":35,"column":1}},"line":32},"1":{"name":"getFileType","decl":{"start":{"line":37,"column":9},"end":{"line":37,"column":20}},"loc":{"start":{"line":37,"column":35},"end":{"line":39,"column":1}},"line":37},"2":{"name":"ScoreBar","decl":{"start":{"line":41,"column":9},"end":{"line":41,"column":17}},"loc":{"start":{"line":41,"column":48},"end":{"line":63,"column":1}},"line":41},"3":{"name":"(anonymous_3)","decl":{"start":{"line":42,"column":29},"end":{"line":42,"column":30}},"loc":{"start":{"line":42,"column":40},"end":{"line":42,"column":50}},"line":42},"4":{"name":"DocumentCenter","decl":{"start":{"line":65,"column":24},"end":{"line":65,"column":38}},"loc":{"start":{"line":65,"column":41},"end":{"line":494,"column":1}},"line":65},"5":{"name":"(anonymous_5)","decl":{"start":{"line":66,"column":29},"end":{"line":66,"column":30}},"loc":{"start":{"line":66,"column":40},"end":{"line":66,"column":50}},"line":66},"6":{"name":"(anonymous_6)","decl":{"start":{"line":89,"column":29},"end":{"line":89,"column":30}},"loc":{"start":{"line":89,"column":41},"end":{"line":137,"column":3}},"line":89},"7":{"name":"(anonymous_7)","decl":{"start":{"line":125,"column":21},"end":{"line":125,"column":22}},"loc":{"start":{"line":125,"column":26},"end":{"line":125,"column":40}},"line":125},"8":{"name":"(anonymous_8)","decl":{"start":{"line":139,"column":23},"end":{"line":139,"column":24}},"loc":{"start":{"line":139,"column":35},"end":{"line":179,"column":3}},"line":139},"9":{"name":"(anonymous_9)","decl":{"start":{"line":160,"column":52},"end":{"line":160,"column":53}},"loc":{"start":{"line":160,"column":65},"end":{"line":166,"column":7}},"line":160},"10":{"name":"(anonymous_10)","decl":{"start":{"line":181,"column":41},"end":{"line":181,"column":42}},"loc":{"start":{"line":181,"column":46},"end":{"line":181,"column":69}},"line":181},"11":{"name":"(anonymous_11)","decl":{"start":{"line":182,"column":41},"end":{"line":182,"column":42}},"loc":{"start":{"line":182,"column":51},"end":{"line":182,"column":63}},"line":182},"12":{"name":"(anonymous_12)","decl":{"start":{"line":183,"column":43},"end":{"line":183,"column":44}},"loc":{"start":{"line":183,"column":48},"end":{"line":183,"column":73}},"line":183},"13":{"name":"(anonymous_13)","decl":{"start":{"line":213,"column":18},"end":{"line":213,"column":19}},"loc":{"start":{"line":214,"column":14},"end":{"line":217,"column":21}},"line":214},"14":{"name":"(anonymous_14)","decl":{"start":{"line":232,"column":17},"end":{"line":232,"column":18}},"loc":{"start":{"line":232,"column":48},"end":{"line":238,"column":12}},"line":232},"15":{"name":"(anonymous_15)","decl":{"start":{"line":283,"column":26},"end":{"line":283,"column":27}},"loc":{"start":{"line":284,"column":12},"end":{"line":313,"column":24}},"line":284},"16":{"name":"(anonymous_16)","decl":{"start":{"line":286,"column":23},"end":{"line":286,"column":24}},"loc":{"start":{"line":286,"column":29},"end":{"line":286,"column":50}},"line":286},"17":{"name":"(anonymous_17)","decl":{"start":{"line":330,"column":80},"end":{"line":330,"column":81}},"loc":{"start":{"line":331,"column":16},"end":{"line":334,"column":29}},"line":331},"18":{"name":"(anonymous_18)","decl":{"start":{"line":338,"column":27},"end":{"line":338,"column":28}},"loc":{"start":{"line":338,"column":41},"end":{"line":397,"column":13}},"line":338},"19":{"name":"(anonymous_19)","decl":{"start":{"line":425,"column":23},"end":{"line":425,"column":24}},"loc":{"start":{"line":425,"column":41},"end":{"line":430,"column":17}},"line":425},"20":{"name":"(anonymous_20)","decl":{"start":{"line":459,"column":35},"end":{"line":459,"column":36}},"loc":{"start":{"line":460,"column":18},"end":{"line":485,"column":25}},"line":460}},"branchMap":{"0":{"loc":{"start":{"line":33,"column":14},"end":{"line":33,"column":63}},"type":"binary-expr","locations":[{"start":{"line":33,"column":14},"end":{"line":33,"column":50}},{"start":{"line":33,"column":54},"end":{"line":33,"column":63}}],"line":33},"1":{"loc":{"start":{"line":34,"column":9},"end":{"line":34,"column":46}},"type":"binary-expr","locations":[{"start":{"line":34,"column":9},"end":{"line":34,"column":24}},{"start":{"line":34,"column":28},"end":{"line":34,"column":46}}],"line":34},"2":{"loc":{"start":{"line":38,"column":9},"end":{"line":38,"column":55}},"type":"binary-expr","locations":[{"start":{"line":38,"column":9},"end":{"line":38,"column":45}},{"start":{"line":38,"column":49},"end":{"line":38,"column":55}}],"line":38},"3":{"loc":{"start":{"line":46,"column":16},"end":{"line":50,"column":49}},"type":"cond-expr","locations":[{"start":{"line":47,"column":7},"end":{"line":47,"column":46}},{"start":{"line":48,"column":6},"end":{"line":50,"column":49}}],"line":46},"4":{"loc":{"start":{"line":47,"column":7},"end":{"line":47,"column":46}},"type":"cond-expr","locations":[{"start":{"line":47,"column":25},"end":{"line":47,"column":34}},{"start":{"line":47,"column":37},"end":{"line":47,"column":46}}],"line":47},"5":{"loc":{"start":{"line":48,"column":6},"end":{"line":50,"column":49}},"type":"cond-expr","locations":[{"start":{"line":49,"column":8},"end":{"line":49,"column":28}},{"start":{"line":50,"column":9},"end":{"line":50,"column":48}}],"line":48},"6":{"loc":{"start":{"line":50,"column":9},"end":{"line":50,"column":48}},"type":"cond-expr","locations":[{"start":{"line":50,"column":27},"end":{"line":50,"column":36}},{"start":{"line":50,"column":39},"end":{"line":50,"column":48}}],"line":50},"7":{"loc":{"start":{"line":58,"column":49},"end":{"line":58,"column":112}},"type":"cond-expr","locations":[{"start":{"line":58,"column":67},"end":{"line":58,"column":91}},{"start":{"line":58,"column":94},"end":{"line":58,"column":112}}],"line":58},"8":{"loc":{"start":{"line":83,"column":72},"end":{"line":83,"column":140}},"type":"cond-expr","locations":[{"start":{"line":83,"column":90},"end":{"line":83,"column":114}},{"start":{"line":83,"column":117},"end":{"line":83,"column":140}}],"line":83},"9":{"loc":{"start":{"line":84,"column":46},"end":{"line":84,"column":85}},"type":"cond-expr","locations":[{"start":{"line":84,"column":64},"end":{"line":84,"column":73}},{"start":{"line":84,"column":76},"end":{"line":84,"column":85}}],"line":84},"10":{"loc":{"start":{"line":84,"column":91},"end":{"line":84,"column":155}},"type":"cond-expr","locations":[{"start":{"line":84,"column":109},"end":{"line":84,"column":131}},{"start":{"line":84,"column":134},"end":{"line":84,"column":155}}],"line":84},"11":{"loc":{"start":{"line":85,"column":46},"end":{"line":85,"column":85}},"type":"cond-expr","locations":[{"start":{"line":85,"column":64},"end":{"line":85,"column":73}},{"start":{"line":85,"column":76},"end":{"line":85,"column":85}}],"line":85},"12":{"loc":{"start":{"line":85,"column":91},"end":{"line":85,"column":156}},"type":"cond-expr","locations":[{"start":{"line":85,"column":109},"end":{"line":85,"column":131}},{"start":{"line":85,"column":134},"end":{"line":85,"column":156}}],"line":85},"13":{"loc":{"start":{"line":86,"column":70},"end":{"line":86,"column":136}},"type":"cond-expr","locations":[{"start":{"line":86,"column":88},"end":{"line":86,"column":111}},{"start":{"line":86,"column":114},"end":{"line":86,"column":136}}],"line":86},"14":{"loc":{"start":{"line":93,"column":6},"end":{"line":126,"column":7}},"type":"if","locations":[{"start":{"line":93,"column":6},"end":{"line":126,"column":7}},{"start":{},"end":{}}],"line":93},"15":{"loc":{"start":{"line":93,"column":10},"end":{"line":93,"column":49}},"type":"binary-expr","locations":[{"start":{"line":93,"column":10},"end":{"line":93,"column":23}},{"start":{"line":93,"column":27},"end":{"line":93,"column":49}}],"line":93},"16":{"loc":{"start":{"line":100,"column":16},"end":{"line":100,"column":59}},"type":"binary-expr","locations":[{"start":{"line":100,"column":16},"end":{"line":100,"column":29}},{"start":{"line":100,"column":33},"end":{"line":100,"column":59}}],"line":100},"17":{"loc":{"start":{"line":109,"column":8},"end":{"line":111,"column":9}},"type":"if","locations":[{"start":{"line":109,"column":8},"end":{"line":111,"column":9}},{"start":{},"end":{}}],"line":109},"18":{"loc":{"start":{"line":116,"column":14},"end":{"line":116,"column":51}},"type":"binary-expr","locations":[{"start":{"line":116,"column":14},"end":{"line":116,"column":29}},{"start":{"line":116,"column":33},"end":{"line":116,"column":51}}],"line":116},"19":{"loc":{"start":{"line":117,"column":16},"end":{"line":117,"column":42}},"type":"binary-expr","locations":[{"start":{"line":117,"column":16},"end":{"line":117,"column":29}},{"start":{"line":117,"column":33},"end":{"line":117,"column":42}}],"line":117},"20":{"loc":{"start":{"line":118,"column":28},"end":{"line":118,"column":54}},"type":"binary-expr","locations":[{"start":{"line":118,"column":28},"end":{"line":118,"column":41}},{"start":{"line":118,"column":45},"end":{"line":118,"column":54}}],"line":118},"21":{"loc":{"start":{"line":119,"column":16},"end":{"line":119,"column":80}},"type":"cond-expr","locations":[{"start":{"line":119,"column":28},"end":{"line":119,"column":74}},{"start":{"line":119,"column":77},"end":{"line":119,"column":80}}],"line":119},"22":{"loc":{"start":{"line":121,"column":18},"end":{"line":121,"column":43}},"type":"binary-expr","locations":[{"start":{"line":121,"column":18},"end":{"line":121,"column":38}},{"start":{"line":121,"column":42},"end":{"line":121,"column":43}}],"line":121},"23":{"loc":{"start":{"line":129,"column":6},"end":{"line":133,"column":7}},"type":"if","locations":[{"start":{"line":129,"column":6},"end":{"line":133,"column":7}},{"start":{"line":131,"column":13},"end":{"line":133,"column":7}}],"line":129},"24":{"loc":{"start":{"line":140,"column":4},"end":{"line":140,"column":36}},"type":"if","locations":[{"start":{"line":140,"column":4},"end":{"line":140,"column":36}},{"start":{},"end":{}}],"line":140},"25":{"loc":{"start":{"line":153,"column":6},"end":{"line":155,"column":7}},"type":"if","locations":[{"start":{"line":153,"column":6},"end":{"line":155,"column":7}},{"start":{},"end":{}}],"line":153},"26":{"loc":{"start":{"line":158,"column":24},"end":{"line":158,"column":69}},"type":"cond-expr","locations":[{"start":{"line":158,"column":53},"end":{"line":158,"column":64}},{"start":{"line":158,"column":67},"end":{"line":158,"column":69}}],"line":158},"27":{"loc":{"start":{"line":161,"column":17},"end":{"line":161,"column":43}},"type":"binary-expr","locations":[{"start":{"line":161,"column":17},"end":{"line":161,"column":26}},{"start":{"line":161,"column":30},"end":{"line":161,"column":43}}],"line":161},"28":{"loc":{"start":{"line":162,"column":17},"end":{"line":162,"column":32}},"type":"binary-expr","locations":[{"start":{"line":162,"column":17},"end":{"line":162,"column":26}},{"start":{"line":162,"column":30},"end":{"line":162,"column":32}}],"line":162},"29":{"loc":{"start":{"line":163,"column":48},"end":{"line":163,"column":63}},"type":"binary-expr","locations":[{"start":{"line":163,"column":48},"end":{"line":163,"column":58}},{"start":{"line":163,"column":62},"end":{"line":163,"column":63}}],"line":163},"30":{"loc":{"start":{"line":164,"column":16},"end":{"line":164,"column":86}},"type":"binary-expr","locations":[{"start":{"line":164,"column":16},"end":{"line":164,"column":36}},{"start":{"line":164,"column":40},"end":{"line":164,"column":56}},{"start":{"line":164,"column":60},"end":{"line":164,"column":72}},{"start":{"line":164,"column":76},"end":{"line":164,"column":86}}],"line":164},"31":{"loc":{"start":{"line":165,"column":14},"end":{"line":165,"column":64}},"type":"binary-expr","locations":[{"start":{"line":165,"column":14},"end":{"line":165,"column":31}},{"start":{"line":165,"column":35},"end":{"line":165,"column":51}},{"start":{"line":165,"column":55},"end":{"line":165,"column":64}}],"line":165},"32":{"loc":{"start":{"line":171,"column":6},"end":{"line":175,"column":7}},"type":"if","locations":[{"start":{"line":171,"column":6},"end":{"line":175,"column":7}},{"start":{"line":173,"column":13},"end":{"line":175,"column":7}}],"line":171},"33":{"loc":{"start":{"line":210,"column":64},"end":{"line":210,"column":103}},"type":"cond-expr","locations":[{"start":{"line":210,"column":82},"end":{"line":210,"column":91}},{"start":{"line":210,"column":94},"end":{"line":210,"column":103}}],"line":210},"34":{"loc":{"start":{"line":212,"column":66},"end":{"line":212,"column":105}},"type":"cond-expr","locations":[{"start":{"line":212,"column":84},"end":{"line":212,"column":93}},{"start":{"line":212,"column":96},"end":{"line":212,"column":105}}],"line":212},"35":{"loc":{"start":{"line":236,"column":25},"end":{"line":236,"column":138}},"type":"cond-expr","locations":[{"start":{"line":236,"column":46},"end":{"line":236,"column":66}},{"start":{"line":236,"column":70},"end":{"line":236,"column":137}}],"line":236},"36":{"loc":{"start":{"line":236,"column":25},"end":{"line":236,"column":43}},"type":"binary-expr","locations":[{"start":{"line":236,"column":25},"end":{"line":236,"column":32}},{"start":{"line":236,"column":36},"end":{"line":236,"column":43}}],"line":236},"37":{"loc":{"start":{"line":236,"column":70},"end":{"line":236,"column":137}},"type":"cond-expr","locations":[{"start":{"line":236,"column":88},"end":{"line":236,"column":111}},{"start":{"line":236,"column":114},"end":{"line":236,"column":137}}],"line":236},"38":{"loc":{"start":{"line":237,"column":29},"end":{"line":237,"column":138}},"type":"cond-expr","locations":[{"start":{"line":237,"column":50},"end":{"line":237,"column":66}},{"start":{"line":237,"column":70},"end":{"line":237,"column":137}}],"line":237},"39":{"loc":{"start":{"line":237,"column":29},"end":{"line":237,"column":47}},"type":"binary-expr","locations":[{"start":{"line":237,"column":29},"end":{"line":237,"column":36}},{"start":{"line":237,"column":40},"end":{"line":237,"column":47}}],"line":237},"40":{"loc":{"start":{"line":237,"column":70},"end":{"line":237,"column":137}},"type":"cond-expr","locations":[{"start":{"line":237,"column":88},"end":{"line":237,"column":111}},{"start":{"line":237,"column":114},"end":{"line":237,"column":137}}],"line":237},"41":{"loc":{"start":{"line":240,"column":11},"end":{"line":270,"column":11}},"type":"cond-expr","locations":[{"start":{"line":241,"column":12},"end":{"line":244,"column":15}},{"start":{"line":246,"column":12},"end":{"line":269,"column":15}}],"line":240},"42":{"loc":{"start":{"line":249,"column":33},"end":{"line":249,"column":99}},"type":"cond-expr","locations":[{"start":{"line":249,"column":51},"end":{"line":249,"column":74}},{"start":{"line":249,"column":77},"end":{"line":249,"column":99}}],"line":249},"43":{"loc":{"start":{"line":250,"column":45},"end":{"line":250,"column":111}},"type":"cond-expr","locations":[{"start":{"line":250,"column":63},"end":{"line":250,"column":86}},{"start":{"line":250,"column":89},"end":{"line":250,"column":111}}],"line":250},"44":{"loc":{"start":{"line":264,"column":33},"end":{"line":264,"column":99}},"type":"cond-expr","locations":[{"start":{"line":264,"column":51},"end":{"line":264,"column":74}},{"start":{"line":264,"column":77},"end":{"line":264,"column":99}}],"line":264},"45":{"loc":{"start":{"line":265,"column":45},"end":{"line":265,"column":112}},"type":"cond-expr","locations":[{"start":{"line":265,"column":63},"end":{"line":265,"column":86}},{"start":{"line":265,"column":89},"end":{"line":265,"column":112}}],"line":265},"46":{"loc":{"start":{"line":267,"column":38},"end":{"line":267,"column":77}},"type":"cond-expr","locations":[{"start":{"line":267,"column":56},"end":{"line":267,"column":65}},{"start":{"line":267,"column":68},"end":{"line":267,"column":77}}],"line":267},"47":{"loc":{"start":{"line":290,"column":33},"end":{"line":290,"column":89}},"type":"cond-expr","locations":[{"start":{"line":290,"column":57},"end":{"line":290,"column":73}},{"start":{"line":290,"column":76},"end":{"line":290,"column":89}}],"line":290},"48":{"loc":{"start":{"line":295,"column":23},"end":{"line":295,"column":86}},"type":"cond-expr","locations":[{"start":{"line":295,"column":47},"end":{"line":295,"column":67}},{"start":{"line":295,"column":70},"end":{"line":295,"column":86}}],"line":295},"49":{"loc":{"start":{"line":297,"column":15},"end":{"line":312,"column":15}},"type":"binary-expr","locations":[{"start":{"line":297,"column":15},"end":{"line":297,"column":28}},{"start":{"line":298,"column":16},"end":{"line":311,"column":23}}],"line":297},"50":{"loc":{"start":{"line":300,"column":35},"end":{"line":302,"column":42}},"type":"cond-expr","locations":[{"start":{"line":301,"column":23},"end":{"line":301,"column":88}},{"start":{"line":302,"column":22},"end":{"line":302,"column":42}}],"line":300},"51":{"loc":{"start":{"line":301,"column":23},"end":{"line":301,"column":88}},"type":"cond-expr","locations":[{"start":{"line":301,"column":41},"end":{"line":301,"column":63}},{"start":{"line":301,"column":66},"end":{"line":301,"column":88}}],"line":301},"52":{"loc":{"start":{"line":306,"column":27},"end":{"line":306,"column":90}},"type":"cond-expr","locations":[{"start":{"line":306,"column":51},"end":{"line":306,"column":71}},{"start":{"line":306,"column":74},"end":{"line":306,"column":90}}],"line":306},"53":{"loc":{"start":{"line":318,"column":9},"end":{"line":399,"column":9}},"type":"binary-expr","locations":[{"start":{"line":318,"column":9},"end":{"line":318,"column":34}},{"start":{"line":319,"column":10},"end":{"line":398,"column":17}}],"line":318},"54":{"loc":{"start":{"line":328,"column":31},"end":{"line":328,"column":94}},"type":"cond-expr","locations":[{"start":{"line":328,"column":49},"end":{"line":328,"column":73}},{"start":{"line":328,"column":76},"end":{"line":328,"column":94}}],"line":328},"55":{"loc":{"start":{"line":332,"column":24},"end":{"line":332,"column":39}},"type":"cond-expr","locations":[{"start":{"line":332,"column":34},"end":{"line":332,"column":35}},{"start":{"line":332,"column":38},"end":{"line":332,"column":39}}],"line":332},"56":{"loc":{"start":{"line":344,"column":37},"end":{"line":344,"column":71}},"type":"cond-expr","locations":[{"start":{"line":344,"column":66},"end":{"line":344,"column":67}},{"start":{"line":344,"column":70},"end":{"line":344,"column":71}}],"line":344},"57":{"loc":{"start":{"line":354,"column":23},"end":{"line":358,"column":23}},"type":"binary-expr","locations":[{"start":{"line":354,"column":23},"end":{"line":354,"column":40}},{"start":{"line":354,"column":44},"end":{"line":354,"column":69}},{"start":{"line":355,"column":24},"end":{"line":357,"column":31}}],"line":354},"58":{"loc":{"start":{"line":365,"column":39},"end":{"line":365,"column":102}},"type":"cond-expr","locations":[{"start":{"line":365,"column":57},"end":{"line":365,"column":81}},{"start":{"line":365,"column":84},"end":{"line":365,"column":102}}],"line":365},"59":{"loc":{"start":{"line":377,"column":27},"end":{"line":377,"column":83}},"type":"cond-expr","locations":[{"start":{"line":377,"column":44},"end":{"line":377,"column":64}},{"start":{"line":377,"column":67},"end":{"line":377,"column":83}}],"line":377},"60":{"loc":{"start":{"line":380,"column":21},"end":{"line":380,"column":54}},"type":"cond-expr","locations":[{"start":{"line":380,"column":38},"end":{"line":380,"column":48}},{"start":{"line":380,"column":51},"end":{"line":380,"column":54}}],"line":380},"61":{"loc":{"start":{"line":402,"column":9},"end":{"line":490,"column":9}},"type":"binary-expr","locations":[{"start":{"line":402,"column":9},"end":{"line":402,"column":31}},{"start":{"line":403,"column":10},"end":{"line":489,"column":17}}],"line":402},"62":{"loc":{"start":{"line":424,"column":26},"end":{"line":424,"column":60}},"type":"binary-expr","locations":[{"start":{"line":424,"column":26},"end":{"line":424,"column":37}},{"start":{"line":424,"column":41},"end":{"line":424,"column":60}}],"line":424},"63":{"loc":{"start":{"line":429,"column":27},"end":{"line":429,"column":90}},"type":"cond-expr","locations":[{"start":{"line":429,"column":66},"end":{"line":429,"column":69}},{"start":{"line":429,"column":72},"end":{"line":429,"column":90}}],"line":429},"64":{"loc":{"start":{"line":429,"column":28},"end":{"line":429,"column":62}},"type":"binary-expr","locations":[{"start":{"line":429,"column":28},"end":{"line":429,"column":39}},{"start":{"line":429,"column":43},"end":{"line":429,"column":62}}],"line":429},"65":{"loc":{"start":{"line":429,"column":72},"end":{"line":429,"column":90}},"type":"cond-expr","locations":[{"start":{"line":429,"column":82},"end":{"line":429,"column":86}},{"start":{"line":429,"column":89},"end":{"line":429,"column":90}}],"line":429},"66":{"loc":{"start":{"line":432,"column":17},"end":{"line":434,"column":98}},"type":"cond-expr","locations":[{"start":{"line":433,"column":20},"end":{"line":433,"column":67}},{"start":{"line":434,"column":20},"end":{"line":434,"column":98}}],"line":432},"67":{"loc":{"start":{"line":439,"column":13},"end":{"line":451,"column":13}},"type":"binary-expr","locations":[{"start":{"line":439,"column":13},"end":{"line":439,"column":39}},{"start":{"line":439,"column":43},"end":{"line":439,"column":55}},{"start":{"line":440,"column":14},"end":{"line":450,"column":21}}],"line":439},"68":{"loc":{"start":{"line":454,"column":13},"end":{"line":488,"column":13}},"type":"binary-expr","locations":[{"start":{"line":454,"column":13},"end":{"line":454,"column":37}},{"start":{"line":455,"column":14},"end":{"line":487,"column":21}}],"line":454},"69":{"loc":{"start":{"line":470,"column":43},"end":{"line":470,"column":110}},"type":"cond-expr","locations":[{"start":{"line":470,"column":61},"end":{"line":470,"column":84}},{"start":{"line":470,"column":87},"end":{"line":470,"column":110}}],"line":470},"70":{"loc":{"start":{"line":476,"column":25},"end":{"line":478,"column":25}},"type":"binary-expr","locations":[{"start":{"line":476,"column":25},"end":{"line":476,"column":31}},{"start":{"line":477,"column":26},"end":{"line":477,"column":124}}],"line":476}},"s":{"0":1,"1":21,"2":21,"3":1,"4":1,"5":3,"6":1,"7":1,"8":1,"9":1,"10":8,"11":24,"12":8,"13":8,"14":8,"15":8,"16":8,"17":8,"18":8,"19":8,"20":8,"21":1,"22":1,"23":1,"24":1,"25":1,"26":1,"27":1,"28":1,"29":1,"30":1,"31":0,"32":1,"33":1,"34":1,"35":1,"36":0,"37":0,"38":0,"39":0,"40":1,"41":8,"42":1,"43":0,"44":1,"45":1,"46":1,"47":1,"48":1,"49":0,"50":1,"51":1,"52":1,"53":1,"54":1,"55":0,"56":0,"57":0,"58":0,"59":1,"60":8,"61":33,"62":8,"63":33,"64":8,"65":33,"66":8,"67":24,"68":8,"69":16,"70":1,"71":30,"72":21,"73":21,"74":3,"75":1},"f":{"0":21,"1":1,"2":1,"3":3,"4":8,"5":24,"6":1,"7":1,"8":1,"9":1,"10":33,"11":33,"12":33,"13":24,"14":8,"15":16,"16":1,"17":30,"18":21,"19":3,"20":1},"b":{"0":[21,0],"1":[21,5],"2":[1,0],"3":[1,0],"4":[1,0],"5":[0,0],"6":[0,0],"7":[1,0],"8":[8,0],"9":[8,0],"10":[8,0],"11":[8,0],"12":[8,0],"13":[8,0],"14":[1,0],"15":[1,1],"16":[1,0],"17":[0,1],"18":[1,0],"19":[1,0],"20":[1,0],"21":[1,0],"22":[1,0],"23":[0,0],"24":[0,1],"25":[0,1],"26":[1,0],"27":[1,0],"28":[1,0],"29":[1,0],"30":[1,0,0,0],"31":[1,1,1],"32":[0,0],"33":[8,0],"34":[8,0],"35":[0,8],"36":[8,8],"37":[8,0],"38":[0,8],"39":[8,8],"40":[8,0],"41":[1,7],"42":[7,0],"43":[7,0],"44":[7,0],"45":[7,0],"46":[7,0],"47":[8,8],"48":[8,8],"49":[16,9],"50":[6,3],"51":[6,0],"52":[6,3],"53":[8,5],"54":[5,0],"55":[5,25],"56":[16,5],"57":[21,21,21],"58":[21,0],"59":[21,0],"60":[21,0],"61":[8,3],"62":[3,3],"63":[1,2],"64":[3,3],"65":[0,2],"66":[0,3],"67":[3,2,2],"68":[3,1],"69":[1,0],"70":[1,0]},"_coverageSchema":"1a1c01bbd47fc00a2c39e90264f33305004495a9","hash":"8ee7c5d7bc7112c268ac2893024f750c71967b0d"}
,"D:\\AI info\\v76-gems\\airag-poc\\frontend\\app\\index.tsx": {"path":"D:\\AI info\\v76-gems\\airag-poc\\frontend\\app\\index.tsx","statementMap":{"0":{"start":{"line":8,"column":28},"end":{"line":8,"column":39}},"1":{"start":{"line":9,"column":2},"end":{"line":18,"column":15}},"2":{"start":{"line":10,"column":16},"end":{"line":10,"column":17}},"3":{"start":{"line":11,"column":17},"end":{"line":11,"column":41}},"4":{"start":{"line":12,"column":18},"end":{"line":16,"column":10}},"5":{"start":{"line":13,"column":6},"end":{"line":13,"column":20}},"6":{"start":{"line":14,"column":6},"end":{"line":15,"column":43}},"7":{"start":{"line":14,"column":29},"end":{"line":14,"column":46}},"8":{"start":{"line":14,"column":47},"end":{"line":14,"column":68}},"9":{"start":{"line":15,"column":13},"end":{"line":15,"column":41}},"10":{"start":{"line":17,"column":4},"end":{"line":17,"column":38}},"11":{"start":{"line":17,"column":17},"end":{"line":17,"column":37}},"12":{"start":{"line":19,"column":2},"end":{"line":19,"column":15}},"13":{"start":{"line":34,"column":15},"end":{"line":34,"column":51}},"14":{"start":{"line":34,"column":40},"end":{"line":34,"column":50}},"15":{"start":{"line":35,"column":16},"end":{"line":35,"column":32}},"16":{"start":{"line":37,"column":18},"end":{"line":47,"column":3}},"17":{"start":{"line":49,"column":20},"end":{"line":59,"column":3}},"18":{"start":{"line":61,"column":18},"end":{"line":71,"column":3}},"19":{"start":{"line":73,"column":2},"end":{"line":105,"column":4}},"20":{"start":{"line":123,"column":16},"end":{"line":123,"column":32}},"21":{"start":{"line":124,"column":15},"end":{"line":124,"column":51}},"22":{"start":{"line":124,"column":40},"end":{"line":124,"column":50}},"23":{"start":{"line":126,"column":2},"end":{"line":182,"column":4}},"24":{"start":{"line":129,"column":30},"end":{"line":136,"column":8}},"25":{"start":{"line":169,"column":10},"end":{"line":172,"column":17}},"26":{"start":{"line":193,"column":15},"end":{"line":193,"column":51}},"27":{"start":{"line":193,"column":40},"end":{"line":193,"column":50}},"28":{"start":{"line":194,"column":16},"end":{"line":194,"column":32}},"29":{"start":{"line":196,"column":17},"end":{"line":198,"column":61}},"30":{"start":{"line":200,"column":13},"end":{"line":202,"column":102}},"31":{"start":{"line":204,"column":2},"end":{"line":222,"column":4}},"32":{"start":{"line":227,"column":17},"end":{"line":227,"column":28}},"33":{"start":{"line":228,"column":15},"end":{"line":228,"column":51}},"34":{"start":{"line":228,"column":40},"end":{"line":228,"column":50}},"35":{"start":{"line":229,"column":16},"end":{"line":229,"column":32}},"36":{"start":{"line":231,"column":40},"end":{"line":237,"column":3}},"37":{"start":{"line":239,"column":2},"end":{"line":432,"column":4}},"38":{"start":{"line":331,"column":27},"end":{"line":331,"column":52}},"39":{"start":{"line":348,"column":27},"end":{"line":348,"column":47}},"40":{"start":{"line":383,"column":14},"end":{"line":388,"column":21}},"41":{"start":{"line":413,"column":14},"end":{"line":425,"column":21}}},"fnMap":{"0":{"name":"useCounter","decl":{"start":{"line":7,"column":9},"end":{"line":7,"column":19}},"loc":{"start":{"line":7,"column":66},"end":{"line":20,"column":1}},"line":7},"1":{"name":"(anonymous_1)","decl":{"start":{"line":9,"column":12},"end":{"line":9,"column":13}},"loc":{"start":{"line":9,"column":18},"end":{"line":18,"column":3}},"line":9},"2":{"name":"(anonymous_2)","decl":{"start":{"line":12,"column":30},"end":{"line":12,"column":31}},"loc":{"start":{"line":12,"column":36},"end":{"line":16,"column":5}},"line":12},"3":{"name":"(anonymous_3)","decl":{"start":{"line":17,"column":11},"end":{"line":17,"column":12}},"loc":{"start":{"line":17,"column":17},"end":{"line":17,"column":37}},"line":17},"4":{"name":"MetricCard","decl":{"start":{"line":33,"column":9},"end":{"line":33,"column":19}},"loc":{"start":{"line":33,"column":89},"end":{"line":106,"column":1}},"line":33},"5":{"name":"(anonymous_5)","decl":{"start":{"line":34,"column":29},"end":{"line":34,"column":30}},"loc":{"start":{"line":34,"column":40},"end":{"line":34,"column":50}},"line":34},"6":{"name":"ServiceCard","decl":{"start":{"line":122,"column":9},"end":{"line":122,"column":20}},"loc":{"start":{"line":122,"column":130},"end":{"line":183,"column":1}},"line":122},"7":{"name":"(anonymous_7)","decl":{"start":{"line":124,"column":29},"end":{"line":124,"column":30}},"loc":{"start":{"line":124,"column":40},"end":{"line":124,"column":50}},"line":124},"8":{"name":"(anonymous_8)","decl":{"start":{"line":129,"column":13},"end":{"line":129,"column":14}},"loc":{"start":{"line":129,"column":30},"end":{"line":136,"column":8}},"line":129},"9":{"name":"(anonymous_9)","decl":{"start":{"line":168,"column":19},"end":{"line":168,"column":20}},"loc":{"start":{"line":169,"column":10},"end":{"line":172,"column":17}},"line":169},"10":{"name":"PipelineRow","decl":{"start":{"line":192,"column":9},"end":{"line":192,"column":20}},"loc":{"start":{"line":192,"column":55},"end":{"line":223,"column":1}},"line":192},"11":{"name":"(anonymous_11)","decl":{"start":{"line":193,"column":29},"end":{"line":193,"column":30}},"loc":{"start":{"line":193,"column":40},"end":{"line":193,"column":50}},"line":193},"12":{"name":"Dashboard","decl":{"start":{"line":226,"column":24},"end":{"line":226,"column":33}},"loc":{"start":{"line":226,"column":36},"end":{"line":433,"column":1}},"line":226},"13":{"name":"(anonymous_13)","decl":{"start":{"line":228,"column":29},"end":{"line":228,"column":30}},"loc":{"start":{"line":228,"column":40},"end":{"line":228,"column":50}},"line":228},"14":{"name":"(anonymous_14)","decl":{"start":{"line":331,"column":21},"end":{"line":331,"column":22}},"loc":{"start":{"line":331,"column":27},"end":{"line":331,"column":52}},"line":331},"15":{"name":"(anonymous_15)","decl":{"start":{"line":348,"column":21},"end":{"line":348,"column":22}},"loc":{"start":{"line":348,"column":27},"end":{"line":348,"column":47}},"line":348},"16":{"name":"(anonymous_16)","decl":{"start":{"line":382,"column":31},"end":{"line":382,"column":32}},"loc":{"start":{"line":383,"column":14},"end":{"line":388,"column":21}},"line":383},"17":{"name":"(anonymous_17)","decl":{"start":{"line":412,"column":18},"end":{"line":412,"column":19}},"loc":{"start":{"line":413,"column":14},"end":{"line":425,"column":21}},"line":413}},"branchMap":{"0":{"loc":{"start":{"line":7,"column":36},"end":{"line":7,"column":51}},"type":"default-arg","locations":[{"start":{"line":7,"column":47},"end":{"line":7,"column":51}}],"line":7},"1":{"loc":{"start":{"line":7,"column":53},"end":{"line":7,"column":64}},"type":"default-arg","locations":[{"start":{"line":7,"column":62},"end":{"line":7,"column":64}}],"line":7},"2":{"loc":{"start":{"line":14,"column":6},"end":{"line":15,"column":43}},"type":"if","locations":[{"start":{"line":14,"column":6},"end":{"line":15,"column":43}},{"start":{"line":15,"column":11},"end":{"line":15,"column":43}}],"line":14},"3":{"loc":{"start":{"line":37,"column":18},"end":{"line":47,"column":3}},"type":"cond-expr","locations":[{"start":{"line":37,"column":36},"end":{"line":42,"column":3}},{"start":{"line":42,"column":6},"end":{"line":47,"column":3}}],"line":37},"4":{"loc":{"start":{"line":49,"column":20},"end":{"line":59,"column":3}},"type":"cond-expr","locations":[{"start":{"line":49,"column":38},"end":{"line":54,"column":3}},{"start":{"line":54,"column":6},"end":{"line":59,"column":3}}],"line":49},"5":{"loc":{"start":{"line":61,"column":18},"end":{"line":71,"column":3}},"type":"cond-expr","locations":[{"start":{"line":61,"column":36},"end":{"line":66,"column":3}},{"start":{"line":66,"column":6},"end":{"line":71,"column":3}}],"line":61},"6":{"loc":{"start":{"line":83,"column":9},"end":{"line":99,"column":9}},"type":"binary-expr","locations":[{"start":{"line":83,"column":9},"end":{"line":
[...]
,"D:\\AI info\\v76-gems\\airag-poc\\frontend\\stores\\themeStore.ts": {"path":"D:\\AI info\\v76-gems\\airag-poc\\frontend\\stores\\themeStore.ts","statementMap":{"0":{"start":{"line":12,"column":2},"end":{"line":16,"column":41}},"1":{"start":{"line":13,"column":4},"end":{"line":15,"column":5}},"2":{"start":{"line":14,"column":6},"end":{"line":14,"column":59}},"3":{"start":{"line":20,"column":2},"end":{"line":25,"column":26}},"4":{"start":{"line":21,"column":4},"end":{"line":24,"column":5}},"5":{"start":{"line":22,"column":20},"end":{"line":22,"column":66}},"6":{"start":{"line":23,"column":6},"end":{"line":23,"column":62}},"7":{"start":{"line":23,"column":49},"end":{"line":23,"column":62}},"8":{"start":{"line":26,"column":2},"end":{"line":26,"column":14}},"9":{"start":{"line":29,"column":29},"end":{"line":46,"column":3}},"10":{"start":{"line":29,"column":58},"end":{"line":46,"column":1}},"11":{"start":{"line":31,"column":16},"end":{"line":35,"column":4}},"12":{"start":{"line":32,"column":17},"end":{"line":32,"column":58}},"13":{"start":{"line":33,"column":4},"end":{"line":33,"column":20}},"14":{"start":{"line":34,"column":4},"end":{"line":34,"column":26}},"15":{"start":{"line":37,"column":4},"end":{"line":37,"column":20}},"16":{"start":{"line":38,"column":4},"end":{"line":38,"column":18}},"17":{"start":{"line":41,"column":18},"end":{"line":41,"column":29}},"18":{"start":{"line":42,"column":4},"end":{"line":44,"column":5}},"19":{"start":{"line":43,"column":6},"end":{"line":43,"column":27}},"20":{"start":{"line":49,"column":15},"end":{"line":49,"column":51}},"21":{"start":{"line":49,"column":40},"end":{"line":49,"column":50}},"22":{"start":{"line":50,"column":2},"end":{"line":50,"column":22}}},"fnMap":{"0":{"name":"saveTheme","decl":{"start":{"line":11,"column":9},"end":{"line":11,"column":18}},"loc":{"start":{"line":11,"column":43},"end":{"line":17,"column":1}},"line":11},"1":{"name":"loadTheme","decl":{"start":{"line":19,"column":9},"end":{"line":19,"column":18}},"loc":{"start":{"line":19,"column":46},"end":{"line":27,"column":1}},"line":19},"2":{"name":"(anonymous_2)","decl":{"start":{"line":29,"column":48},"end":{"line":29,"column":49}},"loc":{"start":{"line":29,"column":58},"end":{"line":46,"column":1}},"line":29},"3":{"name":"(anonymous_3)","decl":{"start":{"line":31,"column":10},"end":{"line":31,"column":11}},"loc":{"start":{"line":31,"column":16},"end":{"line":35,"column":4}},"line":31},"4":{"name":"(anonymous_4)","decl":{"start":{"line":31,"column":20},"end":{"line":31,"column":21}},"loc":{"start":{"line":31,"column":31},"end":{"line":35,"column":3}},"line":31},"5":{"name":"(anonymous_5)","decl":{"start":{"line":36,"column":11},"end":{"line":36,"column":12}},"loc":{"start":{"line":36,"column":39},"end":{"line":39,"column":3}},"line":36},"6":{"name":"(anonymous_6)","decl":{"start":{"line":40,"column":16},"end":{"line":40,"column":17}},"loc":{"start":{"line":40,"column":22},"end":{"line":45,"column":3}},"line":40},"7":{"name":"useThemeColors","decl":{"start":{"line":48,"column":16},"end":{"line":48,"column":30}},"loc":{"start":{"line":48,"column":47},"end":{"line":51,"column":1}},"line":48},"8":{"name":"(anonymous_8)","decl":{"start":{"line":49,"column":29},"end":{"line":49,"column":30}},"loc":{"start":{"line":49,"column":40},"end":{"line":49,"column":50}},"line":49}},"branchMap":{"0":{"loc":{"start":{"line":13,"column":4},"end":{"line":15,"column":5}},"type":"if","locations":[{"start":{"line":13,"column":4},"end":{"line":15,"column":5}},{"start":{},"end":{}}],"line":13},"1":{"loc":{"start":{"line":13,"column":8},"end":{"line":13,"column":60}},"type":"binary-expr","locations":[{"start":{"line":13,"column":8},"end":{"line":13,"column":37}},{"start":{"line":13,"column":41},"end":{"line":13,"column":60}}],"line":13},"2":{"loc":{"start":{"line":21,"column":4},"end":{"line":24,"column":5}},"type":"if","locations":[{"start":{"line":21,"column":4},"end":{"line":24,"column":5}},{"start":{},"end":{}}],"line":21},"3":{"loc":{"start":{"line":21,"column":8},"end":{"line":21,"column":60}},"type":"binary-expr","locations":[{"start":{"line":21,"column":8},"end":{"line":21,"column":37}},{"start":{"line":21,"column":41},"end":{"line":21,"column":60}}],"line":21},"4":{"loc":{"start":{"line":23,"column":6},"end":{"line":23,"column":62}},"type":"if","locations":[{"start":{"line":23,"column":6},"end":{"line":23,"column":62}},{"start":{},"end":{}}],"line":23},"5":{"loc":{"start":{"line":23,"column":10},"end":{"line":23,"column":47}},"type":"binary-expr","locations":[{"start":{"line":23,"column":10},"end":{"line":23,"column":27}},{"start":{"line":23,"column":31},"end":{"line":23,"column":47}}],"line":23},"6":{"loc":{"start":{"line":32,"column":17},"end":{"line":32,"column":58}},"type":"cond-expr","locations":[{"start":{"line":32,"column":42},"end":{"line":32,"column":48}},{"start":{"line":32,"column":51},"end":{"line":32,"column":58}}],"line":32},"7":{"loc":{"start":{"line":42,"column":4},"end":{"line":44,"column":5}},"type":"if","locations":[{"start":{"line":42,"column":4},"end":{"line":44,"column":5}},{"start":{},"end":{}}],"line":42}},"s":{"0":5,"1":5,"2":5,"3":2,"4":2,"5":2,"6":2,"7":1,"8":1,"9":7,"10":7,"11":3,"12":3,"13":3,"14":3,"15":2,"16":2,"17":2,"18":2,"19":1,"20":79,"21":238,"22":79},"f":{"0":5,"1":2,"2":7,"3":3,"4":3,"5":2,"6":2,"7":79,"8":238},"b":{"0":[5,0],"1":[5,5],"2":[2,0],"3":[2,2],"4":[1,1],"5":[2,1],"6":[1,2],"7":[1,1]},"_coverageSchema":"1a1c01bbd47fc00a2c39e90264f33305004495a9","hash":"3433a8f8af991b3048e96a97f94d31b6fdd521ab"}
,"D:\\AI info\\v76-gems\\airag-poc\\frontend\\utils\\api.ts": {"path":"D:\\AI info\\v76-gems\\airag-poc\\frontend\\utils\\api.ts","statementMap":{"0":{"start":{"line":2,"column":2},"end":{"line":7,"column":26}},"1":{"start":{"line":3,"column":4},"end":{"line":6,"column":5}},"2":{"start":{"line":4,"column":20},"end":{"line":4,"column":66}},"3":{"start":{"line":5,"column":6},"end":{"line":5,"column":37}},"4":{"start":{"line":5,"column":17},"end":{"line":5,"column":37}},"5":{"start":{"line":8,"column":2},"end":{"line":8,"column":33}},"6":{"start":{"line":12,"column":2},"end":{"line":16,"column":26}},"7":{"start":{"line":13,"column":4},"end":{"line":15,"column":5}},"8":{"start":{"line":14,"column":6},"end":{"line":14,"column":60}},"9":{"start":{"line":17,"column":2},"end":{"line":17,"column":14}},"10":{"start":{"line":21,"column":21},"end":{"line":21,"column":36}},"11":{"start":{"line":22,"column":16},"end":{"line":22,"column":30}},"12":{"start":{"line":24,"column":18},"end":{"line":24,"column":52}},"13":{"start":{"line":25,"column":2},"end":{"line":27,"column":3}},"14":{"start":{"line":26,"column":4},"end":{"line":26,"column":52}},"15":{"start":{"line":28,"column":2},"end":{"line":30,"column":3}},"16":{"start":{"line":29,"column":4},"end":{"line":29,"column":52}},"17":{"start":{"line":32,"column":14},"end":{"line":32,"column":72}},"18":{"start":{"line":33,"column":2},"end":{"line":36,"column":5}}},"fnMap":{"0":{"name":"getGatewayUrl","decl":{"start":{"line":1,"column":16},"end":{"line":1,"column":29}},"loc":{"start":{"line":1,"column":40},"end":{"line":9,"column":1}},"line":1},"1":{"name":"getAuthToken","decl":{"start":{"line":11,"column":16},"end":{"line":11,"column":28}},"loc":{"start":{"line":11,"column":46},"end":{"line":18,"column":1}},"line":11},"2":{"name":"authFetch","decl":{"start":{"line":20,"column":22},"end":{"line":20,"column":31}},"loc":{"start":{"line":20,"column":92},"end":{"line":37,"column":1}},"line":20}},"branchMap":{"0":{"loc":{"start":{"line":3,"column":4},"end":{"line":6,"column":5}},"type":"if","locations":[{"start":{"line":3,"column":4},"end":{"line":6,"column":5}},{"start":{},"end":{}}],"line":3},"1":{"loc":{"start":{"line":3,"column":8},"end":{"line":3,"column":60}},"type":"binary-expr","locations":[{"start":{"line":3,"column":8},"end":{"line":3,"column":37}},{"start":{"line":3,"column":41},"end":{"line":3,"column":60}}],"line":3},"2":{"loc":{"start":{"line":5,"column":6},"end":{"line":5,"column":37}},"type":"if","locations":[{"start":{"line":5,"column":6},"end":{"line":5,"column":37}},{"start":{},"end":{}}],"line":5},"3":{"loc":{"start":{"line":13,"column":4},"end":{"line":15,"column":5}},"type":"if","locations":[{"start":{"line":13,"column":4},"end":{"line":15,"column":5}},{"start":{},"end":{}}],"line":13},"4":{"loc":{"start":{"line":13,"column":8},"end":{"line":13,"column":60}},"type":"binary-expr","locations":[{"start":{"line":13,"column":8},"end":{"line":13,"column":37}},{"start":{"line":13,"column":41},"end":{"line":13,"column":60}}],"line":13},"5":{"loc":{"start":{"line":20,"column":46},"end":{"line":20,"column":71}},"type":"default-arg","locations":[{"start":{"line":20,"column":69},"end":{"line":20,"column":71}}],"line":20},"6":{"loc":{"start":{"line":24,"column":30},"end":{"line":24,"column":51}},"type":"binary-expr","locations":[{"start":{"line":24,"column":30},"end":{"line":24,"column":45}},{"start":{"line":24,"column":49},"end":{"line":24,"column":51}}],"line":24},"7":{"loc":{"start":{"line":25,"column":2},"end":{"line":27,"column":3}},"type":"if","locations":[{"start":{"line":25,"column":2},"end":{"line":27,"column":3}},{"start":{},"end":{}}],"line":25},"8":{"loc":{"start":{"line":25,"column":6},"end":{"line":25,"column":73}},"type":"binary-expr","locations":[{"start":{"line":25,"column":6},"end":{"line":25,"column":34}},{"start":{"line":25,"column":38},"end":{"line":25,"column":73}}],"line":25},"9":{"loc":{"start":{"line":28,"column":2},"end":{"line":30,"column":3}},"type":"if","locations":[{"start":{"line":28,"column":2},"end":{"line":30,"column":3}},{"start":{},"end":{}}],"line":28},"10":{"loc":{"start":{"line":32,"column":30},"end":{"line":32,"column":70}},"type":"cond-expr","locations":[{"start":{"line":32,"column":53},"end":{"line":32,"column":57}},{"start":{"line":32,"column":60},"end":{"line":32,"column":70}}],"line":32}},"s":{"0":9,"1":9,"2":9,"3":9,"4":1,"5":8,"6":5,"7":5,"8":5,"9":0,"10":3,"11":3,"12":3,"13":3,"14":2,"15":3,"16":1,"17":3,"18":3},"f":{"0":9,"1":5,"2":3},"b":{"0":[9,0],"1":[9,9],"2":[1,8],"3":[5,0],"4":[5,5],"5":[0],"6":[3,3],"7":[2,1],"8":[3,3],"9":[1,2],"10":[2,1]},"_coverageSchema":"1a1c01bbd47fc00a2c39e90264f33305004495a9","hash":"f8f9aa4d741e054cca234f711e4a11a1fc1a1d30"}
,"D:\\AI info\\v76-gems\\airag-poc\\frontend\\utils\\jwt.ts": {"path":"D:\\AI info\\v76-gems\\airag-poc\\frontend\\utils\\jwt.ts","statementMap":{"0":{"start":{"line":2,"column":2},"end":{"line":16,"column":3}},"1":{"start":{"line":3,"column":18},"end":{"line":3,"column":34}},"2":{"start":{"line":4,"column":4},"end":{"line":4,"column":40}},"3":{"start":{"line":4,"column":28},"end":{"line":4,"column":40}},"4":{"start":{"line":5,"column":20},"end":{"line":5,"column":66}},"5":{"start":{"line":6,"column":19},"end":{"line":6,"column":32}},"6":{"start":{"line":7,"column":18},"end":{"line":7,"column":47}},"7":{"start":{"line":8,"column":4},"end":{"line":10,"column":5}},"8":{"start":{"line":8,"column":17},"end":{"line":8,"column":18}},"9":{"start":{"line":9,"column":6},"end":{"line":9,"column":38}},"10":{"start":{"line":11,"column":23},"end":{"line":11,"column":54}},"11":{"start":{"line":12,"column":4},"end":{"line":12,"column":34}},"12":{"start":{"line":14,"column":4},"end":{"line":14,"column":41}},"13":{"start":{"line":15,"column":4},"end":{"line":15,"column":16}}},"fnMap":{"0":{"name":"decodeJwt","decl":{"start":{"line":1,"column":16},"end":{"line":1,"column":25}},"loc":{"start":{"line":1,"column":41},"end":{"line":17,"column":1}},"line":1}},"branchMap":{"0":{"loc":{"start":{"line":4,"column":4},"end":{"line":4,"column":40}},"type":"if","locations":[{"start":{"line":4,"column":4},"end":{"line":4,"column":40}},{"start":{},"end":{}}],"line":4}},"s":{"0":6,"1":6,"2":6,"3":2,"4":4,"5":4,"6":2,"7":2,"8":2,"9":94,"10":2,"11":2,"12":2,"13":2},"f":{"0":6},"b":{"0":[2,4]},"_coverageSchema":"1a1c01bbd47fc00a2c39e90264f33305004495a9","hash":"9433b93a2fd7b10b7b4bab69b27ddd5ff561e3dd"}
,"D:\\AI info\\v76-gems\\airag-poc\\frontend\\utils\\stream.ts": {"path":"D:\\AI info\\v76-gems\\airag-poc\\frontend\\utils\\stream.ts","statementMap":{"0":{"start":{"line":11,"column":23},"end":{"line":11,"column":37}},"1":{"start":{"line":12,"column":21},"end":{"line":12,"column":36}},"2":{"start":{"line":14,"column":2},"end":{"line":82,"column":5}},"3":{"start":{"line":15,"column":16},"end":{"line":15,"column":36}},"4":{"start":{"line":16,"column":4},"end":{"line":16,"column":51}},"5":{"start":{"line":18,"column":4},"end":{"line":18,"column":61}},"6":{"start":{"line":19,"column":4},"end":{"line":21,"column":5}},"7":{"start":{"line":20,"column":6},"end":{"line":20,"column":70}},"8":{"start":{"line":23,"column":27},"end":{"line":23,"column":28}},"9":{"start":{"line":24,"column":43},"end":{"line":24,"column":45}},"10":{"start":{"line":25,"column":17},"end":{"line":25,"column":19}},"11":{"start":{"line":27,"column":25},"end":{"line":31,"column":5}},"12":{"start":{"line":28,"column":6},"end":{"line":28,"column":18}},"13":{"start":{"line":29,"column":6},"end":{"line":29,"column":56}},"14":{"start":{"line":30,"column":6},"end":{"line":30,"column":38}},"15":{"start":{"line":32,"column":4},"end":{"line":32,"column":51}},"16":{"start":{"line":34,"column":4},"end":{"line":74,"column":6}},"17":{"start":{"line":36,"column":6},"end":{"line":63,"column":7}},"18":{"start":{"line":37,"column":25},"end":{"line":37,"column":69}},"19":{"start":{"line":38,"column":8},"end":{"line":38,"column":51}},"20":{"start":{"line":39,"column":8},"end":{"line":39,"column":27}},"21":{"start":{"line":41,"column":22},"end":{"line":41,"column":40}},"22":{"start":{"line":42,"column":8},"end":{"line":42,"column":35}},"23":{"start":{"line":44,"column":8},"end":{"line":62,"column":9}},"24":{"start":{"line":45,"column":31},"end":{"line":45,"column":42}},"25":{"start":{"line":46,"column":10},"end":{"line":61,"column":11}},"26":{"start":{"line":47,"column":12},"end":{"line":47,"column":73}},"27":{"start":{"line":48,"column":17},"end":{"line":61,"column":11}},"28":{"start":{"line":49,"column":29},"end":{"line":49,"column":57}},"29":{"start":{"line":50,"column":12},"end":{"line":58,"column":13}},"30":{"start":{"line":51,"column":14},"end":{"line":56,"column":15}},"31":{"start":{"line":52,"column":29},"end":{"line":52,"column":49}},"32":{"start":{"line":53,"column":16},"end":{"line":53,"column":46}},"33":{"start":{"line":57,"column":14},"end":{"line":57,"column":33}},"34":{"start":{"line":59,"column":17},"end":{"line":61,"column":11}},"35":{"start":{"line":60,"column":12},"end":{"line":60,"column":31}},"36":{"start":{"line":66,"column":6},"end":{"line":73,"column":7}},"37":{"start":{"line":67,"column":8},"end":{"line":67,"column":58}},"38":{"start":{"line":68,"column":8},"end":{"line":72,"column":9}},"39":{"start":{"line":69,"column":10},"end":{"line":69,"column":69}},"40":{"start":{"line":71,"column":10},"end":{"line":71,"column":20}},"41":{"start":{"line":76,"column":4},"end":{"line":79,"column":6}},"42":{"start":{"line":77,"column":6},"end":{"line":77,"column":56}},"43":{"start":{"line":78,"column":6},"end":{"line":78,"column":45}},"44":{"start":{"line":81,"column":4},"end":{"line":81,"column":38}}},"fnMap":{"0":{"name":"xhr_sse_stream","decl":{"start":{"line":5,"column":22},"end":{"line":5,"column":36}},"loc":{"start":{"line":10,"column":17},"end":{"line":83,"column":1}},"line":10},"1":{"name":"(anonymous_1)","decl":{"start":{"line":14,"column":21},"end":{"line":14,"column":22}},"loc":{"start":{"line":14,"column":42},"end":{"line":82,"column":3}},"line":14},"2":{"name":"(anonymous_2)","decl":{"start":{"line":27,"column":25},"end":{"line":27,"column":26}},"loc":{"start":{"line":27,"column":31},"end":{"line":31,"column":5}},"line":27},"3":{"name":"(anonymous_3)","decl":{"start":{"line":34,"column":29},"end":{"line":34,"column":30}},"loc":{"start":{"line":34,"column":35},"end":{"line":74,"column":5}},"line":34},"4":{"name":"(anonymous_4)","decl":{"start":{"line":76,"column":18},"end":{"line":76,"column":19}},"loc":{"start":{"line":76,"column":24},"end":{"line":79,"column":5}},"line":76}},"branchMap":{"0":{"loc":{"start":{"line":19,"column":4},"end":{"line":21,"column":5}},"type":"if","locations":[{"start":{"line":19,"column":4},"end":{"line":21,"column":5}},{"start":{},"end":{}}],"line":19},"1":{"loc":{"start":{"line":36,"column":6},"end":{"line":63,"column":7}},"type":"if","locations":[{"start":{"line":36,"column":6},"end":{"line":63,"column":7}},{"start":{},"end":{}}],"line":36},"2":{"loc":{"start":{"line":36,"column":10},"end":{"line":36,"column":52}},"type":"binary-expr","locations":[{"start":{"line":36,"column":10},"end":{"line":36,"column":30}},{"start":{"line":36,"column":34},"end":{"line":36,"column":52}}],"line":36},"3":{"loc":{"start":{"line":42,"column":17},"end":{"line":42,"column":34}},"type":"binary-expr","locations":[{"start":{"line":42,"column":17},"end":{"line":42,"column":28}},{"start":{"line":42,"column":32},"end":{"line":42,"column":34}}],"line":42},"4":{"loc":{"start":{"line":46,"column":10},"end":{"line":61,"column":11}},"type":"if","locations":[{"start":{"line":46,"column":10},"end":{"line":61,"column":11}},{"start":{"line":48,"column":17},"end":{"line":61,"column":11}}],"line":46},"5":{"loc":{"start":{"line":48,"column":17},"end":{"line":61,"column":11}},"type":"if","locations":[{"start":{"line":48,"column":17},"end":{"line":61,"column":11}},{"start":{"line":59,"column":17},"end":{"line":61,"column":11}}],"line":48},"6":{"loc":{"start":{"line":50,"column":12},"end":{"line":58,"column":13}},"type":"if","locations":[{"start":{"line":50,"column":12},"end":{"line":58,"column":13}},{"start":{},"end":{}}],"line":50},"7":{"loc":{"start":{"line":50,"column":16},"end":{"line":50,"column":41}},"type":"binary-expr","locations":[{"start":{"line":50,"column":16},"end":{"line":50,"column":24}},{"start":{"line":50,"column":28},"end":{"line":50,"column":41}}],"line":50},"8":{"loc":{"start":{"line":59,"column":17},"end":{"line":61,"column":11}},"type":"if","locations":[{"start":{"line":59,"column":17},"end":{"line":61,"column":11}},{"start":{},"end":{}}],"line":59},"9":{"loc":{"start":{"line":66,"column":6},"end":{"line":73,"column":7}},"type":"if","locations":[{"start":{"line":66,"column":6},"end":{"line":73,"column":7}},{"start":{},"end":{}}],"line":66},"10":{"loc":{"start":{"line":68,"column":8},"end":{"line":72,"column":9}},"type":"if","locations":[{"start":{"line":68,"column":8},"end":{"line":72,"column":9}},{"start":{"line":70,"column":15},"end":{"line":72,"column":9}}],"line":68},"11":{"loc":{"start":{"line":68,"column":12},"end":{"line":68,"column":50}},"type":"binary-expr","locations":[{"start":{"line":68,"column":12},"end":{"line":68,"column":30}},{"start":{"line":68,"column":34},"end":{"line":68,"column":50}}],"line":68}},"s":{"0":4,"1":4,"2":4,"3":4,"4":4,"5":4,"6":4,"7":4,"8":4,"9":4,"10":4,"11":4,"12":1,"13":1,"14":1,"15":4,"16":4,"17":4,"18":2,"19":2,"20":2,"21":2,"22":2,"23":2,"24":6,"25":6,"26":2,"27":4,"28":2,"29":2,"30":2,"31":2,"32":2,"33":2,"34":2,"35":2,"36":4,"37":2,"38":2,"39":1,"40":1,"41":4,"42":1,"43":1,"44":4},"f":{"0":4,"1":4,"2":1,"3":4,"4":1},"b":{"0":[4,0],"1":[2,2],"2":[4,2],"3":[2,0],"4":[2,4],"5":[2,2],"6":[2,0],"7":[2,2],"8":[2,0],"9":[2,2],"10":[1,1],"11":[2,1]},"_coverageSchema":"1a1c01bbd47fc00a2c39e90264f33305004495a9","hash":"67432989d55f14a045889d2cc7360059317a93d4"}
}
