TN:
SF:app\_layout.tsx
FN:27,RootLayout
FN:41,(anonymous_1)
FN:42,(anonymous_2)
FN:47,(anonymous_3)
FN:53,(anonymous_4)
FN:69,(anonymous_5)
FN:69,(anonymous_6)
FN:158,(anonymous_7)
FN:163,(anonymous_8)
FNF:9
FNH:0
FNDA:0,RootLayout
FNDA:0,(anonymous_1)
FNDA:0,(anonymous_2)
FNDA:0,(anonymous_3)
FNDA:0,(anonymous_4)
FNDA:0,(anonymous_5)
FNDA:0,(anonymous_6)
FNDA:0,(anonymous_7)
FNDA:0,(anonymous_8)
DA:20,0
DA:28,0
DA:29,0
DA:30,0
DA:31,0
DA:32,0
DA:34,0
DA:37,0
DA:40,0
DA:41,0
DA:42,0
DA:47,0
DA:48,0
DA:49,0
DA:53,0
DA:54,0
DA:55,0
DA:60,0
DA:61,0
DA:69,0
DA:72,0
DA:80,0
DA:159,0
DA:160,0
DA:163,0
LF:25
LH:0
BRDA:40,0,0,0
BRDA:40,0,1,0
BRDA:54,1,0,0
BRDA:54,1,1,0
BRDA:54,2,0,0
BRDA:54,2,1,0
BRDA:54,2,2,0
BRDA:60,3,0,0
BRDA:60,3,1,0
BRDA:63,4,0,0
BRDA:63,4,1,0
BRDA:72,5,0,0
BRDA:72,5,1,0
BRDA:73,6,0,0
BRDA:73,6,1,0
BRDA:76,7,0,0
BRDA:76,7,1,0
BRDA:82,8,0,0
BRDA:82,8,1,0
BRDA:85,9,0,0
BRDA:85,9,1,0
BRDA:99,10,0,0
BRDA:99,10,1,0
BRDA:108,11,0,0
BRDA:108,11,1,0
BRDA:118,12,0,0
BRDA:118,12,1,0
BRDA:152,13,0,0
BRDA:152,13,1,0
BRDA:169,14,0,0
BRDA:169,14,1,0
BRDA:172,15,0,0
BRDA:172,15,1,0
BRDA:177,16,0,0
BRDA:177,16,1,0
BRDA:178,17,0,0
BRDA:178,17,1,0
BRF:37
BRH:0
end_of_record
TN:
SF:app\chat.tsx
FN:30,TypingIndicator
FN:34,(anonymous_1)
FN:45,CitationChip
FN:46,(anonymous_3)
FN:76,ChatPlayground
FN:81,(anonymous_5)
FN:100,(anonymous_6)
FN:101,(anonymous_7)
FN:104,(anonymous_8)
FN:121,(anonymous_9)
FN:132,(anonymous_10)
FN:136,(anonymous_11)
FN:141,(anonymous_12)
FN:141,(anonymous_13)
FN:146,(anonymous_14)
FN:146,(anonymous_15)
FN:152,(anonymous_16)
FN:152,(anonymous_17)
FN:163,(anonymous_18)
FN:165,(anonymous_19)
FN:165,(anonymous_20)
FN:176,(anonymous_21)
FN:203,(anonymous_22)
FN:231,(anonymous_23)
FN:234,(anonymous_24)
FN:235,(anonymous_25)
FN:256,(anonymous_26)
FN:316,(anonymous_27)
FN:370,(anonymous_28)
FN:382,(anonymous_29)
FN:384,(anonymous_30)
FN:421,(anonymous_31)
FN:424,(anonymous_32)
FN:469,(anonymous_33)
FN:472,(anonymous_34)
FN:508,(anonymous_35)
FN:511,(anonymous_36)
FN:565,(anonymous_37)
FNF:38
FNH:25
FNDA:4,TypingIndicator
FNDA:12,(anonymous_1)
FNDA:1,CitationChip
FNDA:3,(anonymous_3)
FNDA:7,ChatPlayground
FNDA:21,(anonymous_5)
FNDA:6,(anonymous_6)
FNDA:0,(anonymous_7)
FNDA:2,(anonymous_8)
FNDA:2,(anonymous_9)
FNDA:4,(anonymous_10)
FNDA:1,(anonymous_11)
FNDA:1,(anonymous_12)
FNDA:3,(anonymous_13)
FNDA:2,(anonymous_14)
FNDA:6,(anonymous_15)
FNDA:1,(anonymous_16)
FNDA:3,(anonymous_17)
FNDA:0,(anonymous_18)
FNDA:0,(anonymous_19)
FNDA:0,(anonymous_20)
FNDA:14,(anonymous_21)
FNDA:0,(anonymous_22)
FNDA:16,(anonymous_23)
FNDA:1,(anonymous_24)
FNDA:16,(anonymous_25)
FNDA:13,(anonymous_26)
FNDA:1,(anonymous_27)
FNDA:0,(anonymous_28)
FNDA:1,(anonymous_29)
FNDA:7,(anonymous_30)
FNDA:0,(anonymous_31)
FNDA:0,(anonymous_32)
FNDA:0,(anonymous_33)
FNDA:0,(anonymous_34)
FNDA:0,(anonymous_35)
FNDA:0,(anonymous_36)
FNDA:0,(anonymous_37)
DA:23,1
DA:31,4
DA:32,4
DA:35,12
DA:46,3
DA:47,1
DA:48,1
DA:50,1
DA:51,1
DA:52,1
DA:53,1
DA:55,1
DA:69,1
DA:77,7
DA:78,7
DA:79,7
DA:81,21
DA:82,7
DA:84,7
DA:91,7
DA:92,7
DA:93,7
DA:94,7
DA:95,7
DA:96,7
DA:97,7
DA:98,7
DA:100,7
DA:101,6
DA:104,7
DA:105,2
DA:106,2
DA:107,2
DA:109,2
DA:110,2
DA:111,2
DA:121,2
DA:122,2
DA:123,2
DA:125,2
DA:126,2
DA:128,2
DA:133,4
DA:135,1
DA:136,1
DA:137,1
DA:138,1
DA:139,1
DA:141,1
DA:142,3
DA:144,3
DA:146,2
DA:147,6
DA:149,1
DA:150,1
DA:152,1
DA:153,3
DA:160,1
DA:164,0
DA:165,0
DA:166,0
DA:172,0
DA:176,14
DA:178,7
DA:204,0
DA:205,0
DA:232,16
DA:234,1
DA:235,16
DA:257,13
DA:317,1
DA:370,0
DA:382,1
DA:384,7
DA:422,0
DA:424,0
DA:470,0
DA:472,0
DA:509,0
DA:511,0
DA:566,0
LF:81
LH:67
BRDA:48,0,0,1
BRDA:48,0,1,0
BRDA:50,1,0,1
BRDA:50,1,1,0
BRDA:51,2,0,1
BRDA:51,2,1,0
BRDA:52,3,0,1
BRDA:52,3,1,0
BRDA:53,4,0,1
BRDA:53,4,1,0
BRDA:79,5,0,7
BRDA:79,5,1,0
BRDA:105,6,0,2
BRDA:105,6,1,1
BRDA:106,7,0,0
BRDA:106,7,1,2
BRDA:106,8,0,2
BRDA:106,8,1,2
BRDA:133,9,0,1
BRDA:133,9,1,3
BRDA:135,10,0,1
BRDA:135,10,1,0
BRDA:137,11,0,1
BRDA:137,11,1,0
BRDA:137,11,2,0
BRDA:137,11,3,0
BRDA:138,12,0,1
BRDA:138,12,1,1
BRDA:142,13,0,1
BRDA:142,13,1,2
BRDA:144,14,0,2
BRDA:144,14,1,1
BRDA:147,15,0,2
BRDA:147,15,1,4
BRDA:149,16,0,1
BRDA:149,16,1,0
BRDA:153,17,0,1
BRDA:153,17,1,2
BRDA:166,18,0,0
BRDA:166,18,1,0
BRDA:176,19,0,7
BRDA:176,19,1,0
BRDA:194,20,0,7
BRDA:194,20,1,0
BRDA:198,21,0,7
BRDA:198,21,1,0
BRDA:225,22,0,7
BRDA:225,22,1,4
BRDA:225,22,2,4
BRDA:237,23,0,0
BRDA:237,23,1,16
BRDA:261,24,0,3
BRDA:261,24,1,10
BRDA:268,25,0,3
BRDA:268,25,1,10
BRDA:270,26,0,3
BRDA:270,26,1,10
BRDA:272,27,0,3
BRDA:272,27,1,10
BRDA:278,28,0,3
BRDA:278,28,1,10
BRDA:279,29,0,3
BRDA:279,29,1,0
BRDA:280,30,0,3
BRDA:280,30,1,0
BRDA:287,31,0,2
BRDA:287,31,1,11
BRDA:287,32,0,13
BRDA:287,32,1,2
BRDA:291,33,0,3
BRDA:291,33,1,8
BRDA:292,34,0,3
BRDA:292,34,1,0
BRDA:300,35,0,13
BRDA:300,35,1,2
BRDA:300,35,2,0
BRDA:308,36,0,13
BRDA:308,36,1,11
BRDA:308,36,2,1
BRDA:308,36,3,1
BRDA:322,37,0,1
BRDA:322,37,1,1
BRDA:322,37,2,1
BRDA:327,38,0,1
BRDA:327,38,1,1
BRDA:327,38,2,1
BRDA:340,39,0,7
BRDA:340,39,1,2
BRDA:340,39,2,2
BRDA:340,39,3,2
BRDA:361,40,0,7
BRDA:361,40,1,0
BRDA:383,41,0,7
BRDA:383,41,1,5
BRDA:387,42,0,6
BRDA:387,42,1,1
BRDA:387,43,0,7
BRDA:387,43,1,5
BRDA:388,44,0,0
BRDA:388,44,1,7
BRDA:392,45,0,2
BRDA:392,45,1,5
BRDA:405,46,0,7
BRDA:405,46,1,0
BRDA:405,46,2,0
BRDA:428,47,0,0
BRDA:428,47,1,0
BRDA:428,48,0,0
BRDA:428,48,1,0
BRDA:430,49,0,0
BRDA:430,49,1,0
BRDA:430,50,0,0
BRDA:430,50,1,0
BRDA:434,51,0,0
BRDA:434,51,1,0
BRDA:435,52,0,0
BRDA:435,52,1,0
BRDA:443,53,0,0
BRDA:443,53,1,0
BRDA:444,54,0,0
BRDA:444,54,1,0
BRDA:445,55,0,0
BRDA:445,55,1,0
BRDA:448,56,0,0
BRDA:448,56,1,0
BRDA:475,57,0,0
BRDA:475,57,1,0
BRDA:476,58,0,0
BRDA:476,58,1,0
BRDA:477,59,0,0
BRDA:477,59,1,0
BRDA:479,60,0,0
BRDA:479,60,1,0
BRDA:480,61,0,0
BRDA:480,61,1,0
BRDA:485,62,0,0
BRDA:485,62,1,0
BRDA:486,63,0,0
BRDA:486,63,1,0
BRDA:505,64,0,0
BRDA:505,64,1,0
BRDA:514,65,0,0
BRDA:514,65,1,0
BRDA:515,66,0,0
BRDA:515,66,1,0
BRDA:516,67,0,0
BRDA:516,67,1,0
BRDA:518,68,0,0
BRDA:518,68,1,0
BRDA:519,69,0,0
BRDA:519,69,1,0
BRDA:524,70,0,0
BRDA:524,70,1,0
BRDA:525,71,0,0
BRDA:525,71,1,0
BRF:155
BRH:79
end_of_record
TN:
SF:app\documents.tsx
FN:32,getFileIcon
FN:37,getFileType
FN:41,ScoreBar
FN:42,(anonymous_3)
FN:65,DocumentCenter
FN:66,(anonymous_5)
FN:89,(anonymous_6)
FN:125,(anonymous_7)
FN:139,(anonymous_8)
FN:160,(anonymous_9)
FN:181,(anonymous_10)
FN:182,(anonymous_11)
FN:183,(anonymous_12)
FN:213,(anonymous_13)
FN:232,(anonymous_14)
FN:283,(anonymous_15)
FN:286,(anonymous_16)
FN:330,(anonymous_17)
FN:338,(anonymous_18)
FN:425,(anonymous_19)
FN:459,(anonymous_20)
FNF:21
FNH:21
FNDA:21,getFileIcon
FNDA:1,getFileType
FNDA:1,ScoreBar
FNDA:3,(anonymous_3)
FNDA:8,DocumentCenter
FNDA:24,(anonymous_5)
FNDA:1,(anonymous_6)
FNDA:1,(anonymous_7)
FNDA:1,(anonymous_8)
FNDA:1,(anonymous_9)
FNDA:33,(anonymous_10)
FNDA:33,(anonymous_11)
FNDA:33,(anonymous_12)
FNDA:24,(anonymous_13)
FNDA:8,(anonymous_14)
FNDA:16,(anonymous_15)
FNDA:1,(anonymous_16)
FNDA:30,(anonymous_17)
FNDA:21,(anonymous_18)
FNDA:3,(anonymous_19)
FNDA:1,(anonymous_20)
DA:28,1
DA:33,21
DA:34,21
DA:38,1
DA:42,3
DA:43,1
DA:44,1
DA:46,1
DA:52,1
DA:66,24
DA:67,8
DA:69,8
DA:76,8
DA:77,8
DA:78,8
DA:79,8
DA:80,8
DA:82,8
DA:89,8
DA:90,1
DA:91,1
DA:92,1
DA:93,1
DA:94,1
DA:96,1
DA:97,1
DA:102,1
DA:104,1
DA:109,1
DA:110,0
DA:113,1
DA:115,1
DA:125,1
DA:128,0
DA:129,0
DA:130,0
DA:132,0
DA:135,1
DA:139,8
DA:140,1
DA:141,1
DA:142,1
DA:144,1
DA:145,1
DA:153,1
DA:154,0
DA:157,1
DA:158,1
DA:160,1
DA:168,1
DA:170,0
DA:171,0
DA:172,0
DA:174,0
DA:177,1
DA:181,33
DA:182,33
DA:183,33
DA:185,8
DA:214,24
DA:232,8
DA:284,16
DA:286,1
DA:331,30
DA:339,21
DA:340,21
DA:425,3
DA:460,1
LF:68
LH:58
BRDA:33,0,0,21
BRDA:33,0,1,0
BRDA:34,1,0,21
BRDA:34,1,1,5
BRDA:38,2,0,1
BRDA:38,2,1,0
BRDA:46,3,0,1
BRDA:46,3,1,0
BRDA:47,4,0,1
BRDA:47,4,1,0
BRDA:48,5,0,0
BRDA:48,5,1,0
BRDA:50,6,0,0
BRDA:50,6,1,0
BRDA:58,7,0,1
BRDA:58,7,1,0
BRDA:83,8,0,8
BRDA:83,8,1,0
BRDA:84,9,0,8
BRDA:84,9,1,0
BRDA:84,10,0,8
BRDA:84,10,1,0
BRDA:85,11,0,8
BRDA:85,11,1,0
BRDA:85,12,0,8
BRDA:85,12,1,0
BRDA:86,13,0,8
BRDA:86,13,1,0
BRDA:93,14,0,1
BRDA:93,14,1,0
BRDA:93,15,0,1
BRDA:93,15,1,1
BRDA:100,16,0,1
BRDA:100,16,1,0
BRDA:109,17,0,0
BRDA:109,17,1,1
BRDA:116,18,0,1
BRDA:116,18,1,0
BRDA:117,19,0,1
BRDA:117,19,1,0
BRDA:118,20,0,1
BRDA:118,20,1,0
BRDA:119,21,0,1
BRDA:119,21,1,0
BRDA:121,22,0,1
BRDA:121,22,1,0
BRDA:129,23,0,0
BRDA:129,23,1,0
BRDA:140,24,0,0
BRDA:140,24,1,1
BRDA:153,25,0,0
BRDA:153,25,1,1
BRDA:158,26,0,1
BRDA:158,26,1,0
BRDA:161,27,0,1
BRDA:161,27,1,0
BRDA:162,28,0,1
BRDA:162,28,1,0
BRDA:163,29,0,1
BRDA:163,29,1,0
BRDA:164,30,0,1
BRDA:164,30,1,0
BRDA:164,30,2,0
BRDA:164,30,3,0
BRDA:165,31,0,1
BRDA:165,31,1,1
BRDA:165,31,2,1
BRDA:171,32,0,0
BRDA:171,32,1,0
BRDA:210,33,0,8
BRDA:210,33,1,0
BRDA:212,34,0,8
BRDA:212,34,1,0
BRDA:236,35,0,0
BRDA:236,35,1,8
BRDA:236,36,0,8
BRDA:236,36,1,8
BRDA:236,37,0,8
BRDA:236,37,1,0
BRDA:237,38,0,0
BRDA:237,38,1,8
BRDA:237,39,0,8
BRDA:237,39,1,8
BRDA:237,40,0,8
BRDA:237,40,1,0
BRDA:240,41,0,1
BRDA:240,41,1,7
BRDA:249,42,0,7
BRDA:249,42,1,0
BRDA:250,43,0,7
BRDA:250,43,1,0
BRDA:264,44,0,7
BRDA:264,44,1,0
BRDA:265,45,0,7
BRDA:265,45,1,0
BRDA:267,46,0,7
BRDA:267,46,1,0
BRDA:290,47,0,8
BRDA:290,47,1,8
BRDA:295,48,0,8
BRDA:295,48,1,8
BRDA:297,49,0,16
BRDA:297,49,1,9
BRDA:300,50,0,6
BRDA:300,50,1,3
BRDA:301,51,0,6
BRDA:301,51,1,0
BRDA:306,52,0,6
BRDA:306,52,1,3
BRDA:318,53,0,8
BRDA:318,53,1,5
BRDA:328,54,0,5
BRDA:328,54,1,0
BRDA:332,55,0,5
BRDA:332,55,1,25
BRDA:344,56,0,16
BRDA:344,56,1,5
BRDA:354,57,0,21
BRDA:354,57,1,21
BRDA:354,57,2,21
BRDA:365,58,0,21
BRDA:365,58,1,0
BRDA:377,59,0,21
BRDA:377,59,1,0
BRDA:380,60,0,21
BRDA:380,60,1,0
BRDA:402,61,0,8
BRDA:402,61,1,3
BRDA:424,62,0,3
BRDA:424,62,1,3
BRDA:429,63,0,1
BRDA:429,63,1,2
BRDA:429,64,0,3
BRDA:429,64,1,3
BRDA:429,65,0,0
BRDA:429,65,1,2
BRDA:432,66,0,0
BRDA:432,66,1,3
BRDA:439,67,0,3
BRDA:439,67,1,2
BRDA:439,67,2,2
BRDA:454,68,0,3
BRDA:454,68,1,1
BRDA:470,69,0,1
BRDA:470,69,1,0
BRDA:476,70,0,1
BRDA:476,70,1,0
BRF:147
BRH:91
end_of_record
TN:
SF:app\index.tsx
FN:7,useCounter
FN:9,(anonymous_1)
FN:12,(anonymous_2)
FN:17,(anonymous_3)
FN:33,MetricCard
FN:34,(anonymous_5)
FN:122,ServiceCard
FN:124,(anonymous_7)
FN:129,(anonymous_8)
FN:168,(anonymous_9)
FN:192,PipelineRow
FN:193,(anonymous_11)
FN:226,Dashboard
FN:228,(anonymous_13)
FN:331,(anonymous_14)
FN:348,(anonymous_15)
FN:382,(anonymous_16)
FN:412,(anonymous_17)
FNF:18
FNH:0
FNDA:0,useCounter
FNDA:0,(anonymous_1)
FNDA:0,(anonymous_2)
FNDA:0,(anonymous_3)
FNDA:0,MetricCard
FNDA:0,(anonymous_5)
FNDA:0,ServiceCard
FNDA:0,(anonymous_7)
FNDA:0,(anonymous_8)
FNDA:0,(anonymous_9)
FNDA:0,PipelineRow
FNDA:0,(anonymous_11)
FNDA:0,Dashboard
FNDA:0,(anonymous_13)
FNDA:0,(anonymous_14)
FNDA:0,(anonymous_15)
FNDA:0,(anonymous_16)
FNDA:0,(anonymous_17)
DA:8,0
DA:9,0
DA:10,0
DA:11,0
DA:12,0
DA:13,0
DA:14,0
DA:15,0
DA:17,0
DA:19,0
DA:34,0
DA:35,0
DA:37,0
DA:49,0
DA:61,0
DA:73,0
DA:123,0
DA:124,0
DA:126,0
DA:129,0
DA:169,0
DA:193,0
DA:194,0
DA:196,0
DA:200,0
DA:204,0
DA:227,0
DA:228,0
DA:229,0
DA:231,0
DA:239,0
DA:331,0
DA:348,0
DA:383,0
DA:413,0
LF:35
LH:0
BRDA:7,0,0,0
BRDA:7,1,0,0
BRDA:14,2,0,0
BRDA:14,2,1,0
BRDA:37,3,0,0
BRDA:37,3,1,0
BRDA:49,4,0,0
BRDA:49,4,1,0
BRDA:61,5,0,0
BRDA:61,5,1,0
BRDA:83,6,0,0
BRDA:83,6,1,0
BRDA:86,7,0,0
BRDA:86,7,1,0
BRDA:87,8,0,0
BRDA:87,8,1,0
BRDA:88,9,0,0
BRDA:88,9,1,0
BRDA:92,10,0,0
BRDA:92,10,1,0
BRDA:93,11,0,0
BRDA:93,11,1,0
BRDA:94,12,0,0
BRDA:94,12,1,0
BRDA:96,13,0,0
BRDA:96,13,1,0
BRDA:135,14,0,0
BRDA:135,14,1,0
BRDA:142,15,0,0
BRDA:142,15,1,0
BRDA:196,16,0,0
BRDA:196,16,1,0
BRDA:200,17,0,0
BRDA:200,17,1,0
BRDA:212,18,0,0
BRDA:212,18,1,0
BRDA:212,19,0,0
BRDA:212,19,1,0
BRDA:216,20,0,0
BRDA:216,20,1,0
BRDA:249,21,0,0
BRDA:249,21,1,0
BRDA:274,22,0,0
BRDA:274,22,1,0
BRDA:275,23,0,0
BRDA:275,23,1,0
BRDA:279,24,0,0
BRDA:279,24,1,0
BRDA:282,25,0,0
BRDA:282,25,1,0
BRDA:284,26,0,0
BRDA:284,26,1,0
BRDA:321,27,0,0
BRDA:321,27,1,0
BRDA:338,28,0,0
BRDA:338,28,1,0
BRDA:339,29,0,0
BRDA:339,29,1,0
BRDA:363,30,0,0
BRDA:363,30,1,0
BRDA:364,31,0,0
BRDA:364,31,1,0
BRDA:373,32,0,0
BRDA:373,32,1,0
BRDA:385,33,0,0
BRDA:385,33,1,0
BRDA:404,34,0,0
BRDA:404,34,1,0
BRDA:405,35,0,0
BRDA:405,35,1,0
BRDA:406,36,0,0
BRDA:406,36,1,0
BRDA:407,37,0,0
BRDA:407,37,1,0
BRDA:408,38,0,0
BRDA:408,38,1,0
BRDA:409,39,0,0
BRDA:409,39,1,0
BRDA:410,40,0,0
BRDA:410,40,1,0
BRDA:411,41,0,0
BRDA:411,41,1,0
BRDA:416,42,0,0
BRDA:416,42,1,0
BRF:84
BRH:0
end_of_record
TN:
SF:app\login.tsx
FN:6,LoginScreen
FN:13,(anonymous_1)
FN:16,(anonymous_2)
FN:21,(anonymous_3)
FN:154,(anonymous_4)
FN:155,(anonymous_5)
FN:186,(anonymous_6)
FN:187,(anonymous_7)
FN:194,(anonymous_8)
FN:194,(anonymous_9)
FN:206,(anonymous_10)
FN:241,(anonymous_11)
FN:242,(anonymous_12)
FN:275,(anonymous_13)
FN:276,(anonymous_14)
FNF:15
FNH:9
FNDA:10,LoginScreen
FNDA:30,(anonymous_1)
FNDA:1,(anonymous_2)
FNDA:2,(anonymous_3)
FNDA:0,(anonymous_4)
FNDA:0,(anonymous_5)
FNDA:0,(anonymous_6)
FNDA:0,(anonymous_7)
FNDA:0,(anonymous_8)
FNDA:0,(anonymous_9)
FNDA:10,(anonymous_10)
FNDA:1,(anonymous_11)
FNDA:10,(anonymous_12)
FNDA:1,(anonymous_13)
FNDA:10,(anonymous_14)
DA:7,10
DA:8,10
DA:9,10
DA:10,10
DA:11,10
DA:13,30
DA:14,10
DA:16,10
DA:17,1
DA:18,1
DA:21,10
DA:22,2
DA:23,1
DA:24,1
DA:26,1
DA:27,1
DA:31,10
DA:154,0
DA:155,0
DA:186,0
DA:187,0
DA:194,0
DA:206,10
DA:241,1
DA:242,10
DA:275,1
DA:276,10
LF:27
LH:22
BRDA:17,0,0,0
BRDA:17,0,1,1
BRDA:17,1,0,1
BRDA:17,1,1,1
BRDA:22,2,0,1
BRDA:22,2,1,1
BRDA:37,3,0,10
BRDA:37,3,1,0
BRDA:42,4,0,0
BRDA:42,4,1,0
BRDA:47,5,0,0
BRDA:47,5,1,0
BRDA:52,6,0,0
BRDA:52,6,1,0
BRDA:71,7,0,10
BRDA:71,7,1,0
BRDA:72,8,0,10
BRDA:72,8,1,0
BRDA:116,9,0,10
BRDA:116,9,1,1
BRDA:118,10,0,1
BRDA:118,10,1,0
BRDA:138,11,0,10
BRDA:138,11,1,0
BRDA:140,12,0,0
BRDA:140,12,1,10
BRDA:171,13,0,10
BRDA:171,13,1,0
BRDA:173,14,0,0
BRDA:173,14,1,10
BRDA:196,15,0,0
BRDA:196,15,1,10
BRDA:205,16,0,10
BRDA:205,16,1,9
BRDA:205,16,2,4
BRDA:211,17,0,7
BRDA:211,17,1,3
BRDA:211,18,0,10
BRDA:211,18,1,9
BRDA:211,18,2,4
BRDA:211,19,0,0
BRDA:211,19,1,3
BRDA:212,20,0,0
BRDA:212,20,1,10
BRDA:215,21,0,1
BRDA:215,21,1,9
BRDA:244,22,0,0
BRDA:244,22,1,10
BRDA:245,23,0,0
BRDA:245,23,1,0
BRDA:248,24,0,0
BRDA:248,24,1,10
BRDA:254,25,0,10
BRDA:254,25,1,0
BRDA:261,26,0,10
BRDA:261,26,1,0
BRDA:278,27,0,0
BRDA:278,27,1,10
BRDA:282,28,0,0
BRDA:282,28,1,10
BRDA:297,29,0,10
BRDA:297,29,1,0
BRF:62
BRH:35
end_of_record
TN:
SF:app\settings.tsx
FN:82,InputField
FN:87,(anonymous_1)
FN:108,(anonymous_2)
FN:109,(anonymous_3)
FN:118,(anonymous_4)
FN:118,(anonymous_5)
FN:128,Settings
FN:129,(anonymous_7)
FN:136,(anonymous_8)
FN:139,(anonymous_9)
FN:143,(anonymous_10)
FN:147,(anonymous_11)
FN:149,(anonymous_12)
FN:152,(anonymous_13)
FN:155,(anonymous_14)
FN:158,(anonymous_15)
FN:203,(anonymous_16)
FN:209,(anonymous_17)
FN:287,(anonymous_18)
FN:292,(anonymous_19)
FN:292,(anonymous_20)
FN:307,(anonymous_21)
FN:335,(anonymous_22)
FN:349,(anonymous_23)
FNF:24
FNH:17
FNDA:31,InputField
FNDA:93,(anonymous_1)
FNDA:0,(anonymous_2)
FNDA:0,(anonymous_3)
FNDA:0,(anonymous_4)
FNDA:0,(anonymous_5)
FNDA:8,Settings
FNDA:24,(anonymous_7)
FNDA:4,(anonymous_8)
FNDA:44,(anonymous_9)
FNDA:1,(anonymous_10)
FNDA:1,(anonymous_11)
FNDA:11,(anonymous_12)
FNDA:0,(anonymous_13)
FNDA:0,(anonymous_14)
FNDA:0,(anonymous_15)
FNDA:32,(anonymous_16)
FNDA:1,(anonymous_17)
FNDA:31,(anonymous_18)
FNDA:1,(anonymous_19)
FNDA:1,(anonymous_20)
FNDA:32,(anonymous_21)
FNDA:8,(anonymous_22)
FNDA:8,(anonymous_23)
DA:22,1
DA:68,1
DA:85,31
DA:86,31
DA:87,93
DA:88,31
DA:90,31
DA:108,0
DA:109,0
DA:118,0
DA:129,24
DA:130,8
DA:132,8
DA:133,8
DA:134,8
DA:136,8
DA:137,4
DA:138,4
DA:139,4
DA:140,44
DA:141,44
DA:143,4
DA:147,8
DA:148,1
DA:149,11
DA:151,1
DA:152,1
DA:155,8
DA:156,0
DA:157,0
DA:158,0
DA:162,8
DA:190,8
DA:204,32
DA:205,32
DA:206,32
DA:209,1
DA:288,31
DA:292,1
DA:308,32
DA:335,8
DA:349,8
LF:42
LH:36
BRDA:97,0,0,31
BRDA:97,0,1,0
BRDA:99,1,0,0
BRDA:99,1,1,31
BRDA:107,2,0,31
BRDA:107,2,1,0
BRDA:114,3,0,31
BRDA:114,3,1,0
BRDA:117,4,0,31
BRDA:117,4,1,0
BRDA:119,5,0,0
BRDA:119,5,1,0
BRDA:137,6,0,4
BRDA:137,6,1,0
BRDA:137,7,0,4
BRDA:137,7,1,4
BRDA:141,8,0,1
BRDA:141,8,1,43
BRDA:143,9,0,1
BRDA:143,9,1,3
BRDA:148,10,0,1
BRDA:148,10,1,0
BRDA:148,11,0,1
BRDA:148,11,1,1
BRDA:157,12,0,0
BRDA:157,12,1,0
BRDA:157,13,0,0
BRDA:157,13,1,0
BRDA:162,14,0,8
BRDA:162,14,1,0
BRDA:213,15,0,8
BRDA:213,15,1,24
BRDA:222,16,0,8
BRDA:222,16,1,24
BRDA:231,17,0,8
BRDA:231,17,1,0
BRDA:233,18,0,8
BRDA:233,18,1,0
BRDA:236,19,0,8
BRDA:236,19,1,0
BRDA:237,20,0,8
BRDA:237,20,1,0
BRDA:291,21,0,31
BRDA:291,21,1,0
BRDA:311,22,0,24
BRDA:311,22,1,8
BRDA:320,23,0,32
BRDA:320,23,1,0
BRDA:322,24,0,32
BRDA:322,24,1,0
BRDA:337,25,0,0
BRDA:337,25,1,8
BRDA:338,26,0,0
BRDA:338,26,1,0
BRDA:352,27,0,1
BRDA:352,27,1,7
BRDA:352,28,0,1
BRDA:352,28,1,0
BRDA:353,29,0,0
BRDA:353,29,1,8
BRDA:356,30,0,1
BRDA:356,30,1,7
BRDA:358,31,0,1
BRDA:358,31,1,0
BRDA:359,32,0,1
BRDA:359,32,1,0
BRDA:370,33,0,8
BRDA:370,33,1,0
BRDA:371,34,0,8
BRDA:371,34,1,0
BRF:70
BRH:40
end_of_record
TN:
SF:components\Breadcrumb.tsx
FN:21,Breadcrumb
FN:25,(anonymous_1)
FN:26,(anonymous_2)
FN:52,(anonymous_3)
FN:115,(anonymous_4)
FNF:5
FNH:5
FNDA:5,Breadcrumb
FNDA:16,(anonymous_1)
FNDA:16,(anonymous_2)
FNDA:5,(anonymous_3)
FNDA:5,(anonymous_4)
DA:14,1
DA:22,5
DA:23,5
DA:25,16
DA:26,16
DA:27,5
DA:29,5
DA:37,5
DA:52,5
DA:115,5
LF:10
LH:10
BRDA:23,0,0,5
BRDA:23,0,1,0
BRDA:29,1,0,5
BRDA:29,1,1,0
BRDA:30,2,0,4
BRDA:30,2,1,1
BRDA:33,3,0,0
BRDA:33,3,1,0
BRDA:44,4,0,0
BRDA:44,4,1,5
BRDA:55,5,0,0
BRDA:55,5,1,5
BRDA:56,6,0,0
BRDA:56,6,1,0
BRDA:57,7,0,4
BRDA:57,7,1,1
BRDA:62,8,0,0
BRDA:62,8,1,5
BRDA:118,9,0,0
BRDA:118,9,1,5
BRDA:119,10,0,0
BRDA:119,10,1,0
BRDA:120,11,0,4
BRDA:120,11,1,1
BRDA:124,12,0,1
BRDA:124,12,1,4
BRF:26
BRH:14
end_of_record
TN:
SF:components\Sidebar.tsx
FN:30,Sidebar
FN:33,(anonymous_1)
FN:34,(anonymous_2)
FN:109,(anonymous_3)
FN:136,(anonymous_4)
FN:141,(anonymous_5)
FN:262,(anonymous_6)
FN:298,(anonymous_7)
FN:348,(anonymous_8)
FNF:9
FNH:9
FNDA:4,Sidebar
FNDA:12,(anonymous_1)
FNDA:12,(anonymous_2)
FNDA:3,(anonymous_3)
FNDA:8,(anonymous_4)
FNDA:1,(anonymous_5)
FNDA:4,(anonymous_6)
FNDA:1,(anonymous_7)
FNDA:3,(anonymous_8)
DA:31,4
DA:32,4
DA:33,12
DA:34,12
DA:35,4
DA:37,4
DA:38,4
DA:39,4
DA:41,4
DA:49,4
DA:109,3
DA:137,8
DA:138,8
DA:141,1
DA:262,4
DA:298,1
DA:348,3
LF:17
LH:17
BRDA:39,0,0,1
BRDA:39,0,1,3
BRDA:41,1,0,4
BRDA:41,1,1,0
BRDA:42,2,0,4
BRDA:42,2,1,0
BRDA:45,3,0,0
BRDA:45,3,1,0
BRDA:58,4,0,0
BRDA:58,4,1,4
BRDA:66,5,0,1
BRDA:66,5,1,3
BRDA:67,6,0,1
BRDA:67,6,1,3
BRDA:71,7,0,1
BRDA:71,7,1,3
BRDA:73,8,0,1
BRDA:73,8,1,3
BRDA:78,9,0,1
BRDA:78,9,1,0
BRDA:79,10,0,1
BRDA:79,10,1,0
BRDA:91,11,0,3
BRDA:91,11,1,0
BRDA:92,12,0,3
BRDA:92,12,1,0
BRDA:112,13,0,0
BRDA:112,13,1,3
BRDA:113,14,0,0
BRDA:113,14,1,0
BRDA:114,15,0,3
BRDA:114,15,1,0
BRDA:125,16,0,4
BRDA:125,16,1,3
BRDA:135,17,0,1
BRDA:135,17,1,3
BRDA:135,18,0,1
BRDA:135,18,1,3
BRDA:144,19,0,2
BRDA:144,19,1,6
BRDA:145,20,0,2
BRDA:145,20,1,6
BRDA:146,21,0,2
BRDA:146,21,1,6
BRDA:149,22,0,4
BRDA:149,22,1,4
BRDA:151,23,0,1
BRDA:151,23,1,3
BRDA:157,24,0,1
BRDA:157,24,1,7
BRDA:157,25,0,8
BRDA:157,25,1,2
BRDA:159,26,0,1
BRDA:159,26,1,0
BRDA:162,27,0,1
BRDA:162,27,1,6
BRDA:162,28,0,1
BRDA:162,28,1,6
BRDA:163,29,0,1
BRDA:163,29,1,6
BRDA:165,30,0,1
BRDA:165,30,1,6
BRDA:168,31,0,2
BRDA:168,31,1,6
BRDA:169,32,0,4
BRDA:169,32,1,4
BRDA:174,33,0,8
BRDA:174,33,1,6
BRDA:177,34,0,3
BRDA:177,34,1,3
BRDA:178,35,0,3
BRDA:178,35,1,3
BRDA:181,36,0,6
BRDA:181,36,1,3
BRDA:197,37,0,4
BRDA:197,37,1,4
BRDA:197,37,2,3
BRDA:211,38,0,3
BRDA:211,38,1,0
BRDA:212,39,0,3
BRDA:212,39,1,0
BRDA:226,40,0,4
BRDA:226,40,1,4
BRDA:226,40,2,1
BRDA:230,41,0,1
BRDA:230,41,1,0
BRDA:231,42,0,1
BRDA:231,42,1,0
BRDA:245,43,0,1
BRDA:245,43,1,3
BRDA:249,44,0,1
BRDA:249,44,1,3
BRDA:255,45,0,4
BRDA:255,45,1,3
BRDA:257,46,0,0
BRDA:257,46,1,3
BRDA:263,47,0,1
BRDA:263,47,1,3
BRDA:264,48,0,1
BRDA:264,48,1,3
BRDA:266,49,0,0
BRDA:266,49,1,4
BRDA:267,50,0,0
BRDA:267,50,1,0
BRDA:268,51,0,4
BRDA:268,51,1,0
BRDA:275,52,0,0
BRDA:275,52,1,4
BRDA:280,53,0,1
BRDA:280,53,1,3
BRDA:293,54,0,1
BRDA:293,54,1,0
BRDA:301,55,0,0
BRDA:301,55,1,1
BRDA:301,56,0,1
BRDA:301,56,1,0
BRDA:302,57,0,0
BRDA:302,57,1,1
BRDA:324,58,0,3
BRDA:324,58,1,0
BRDA:350,59,0,0
BRDA:350,59,1,3
BRDA:352,60,0,3
BRDA:352,60,1,0
BRDA:353,61,0,0
BRDA:353,61,1,3
BRDA:363,62,0,1
BRDA:363,62,1,3
BRDA:365,63,0,1
BRDA:365,63,1,3
BRDA:367,64,0,1
BRDA:367,64,1,3
BRDA:368,65,0,1
BRDA:368,65,1,3
BRDA:370,66,0,1
BRDA:370,66,1,3
BRDA:380,67,0,3
BRDA:380,67,1,0
BRDA:381,68,0,3
BRDA:381,68,1,0
BRF:140
BRH:106
end_of_record
TN:
SF:stores\authStore.ts
FN:31,(anonymous_0)
FN:36,(anonymous_1)
FN:91,(anonymous_2)
FN:101,(anonymous_3)
FNF:4
FNH:4
FNDA:1,(anonymous_0)
FNDA:4,(anonymous_1)
FNDA:1,(anonymous_2)
FNDA:1,(anonymous_3)
DA:31,1
DA:37,4
DA:39,4
DA:40,4
DA:41,4
DA:47,3
DA:48,2
DA:49,2
DA:50,1
DA:52,1
DA:53,1
DA:54,1
DA:57,2
DA:58,2
DA:61,1
DA:62,1
DA:63,1
DA:64,0
DA:65,0
DA:68,1
DA:69,1
DA:76,1
DA:77,1
DA:78,1
DA:79,1
DA:83,1
DA:84,1
DA:86,1
DA:87,1
DA:92,1
DA:93,1
DA:94,1
DA:95,1
DA:98,1
DA:102,1
DA:103,1
DA:104,1
DA:105,1
DA:106,1
DA:107,1
DA:108,1
LF:41
LH:39
BRDA:47,0,0,2
BRDA:47,0,1,1
BRDA:49,1,0,1
BRDA:49,1,1,1
BRDA:54,2,0,1
BRDA:54,2,1,0
BRDA:54,3,0,1
BRDA:54,3,1,1
BRDA:63,4,0,0
BRDA:63,4,1,1
BRDA:68,5,0,1
BRDA:68,5,1,0
BRDA:70,6,0,1
BRDA:70,6,1,0
BRDA:71,7,0,1
BRDA:71,7,1,0
BRDA:72,8,0,1
BRDA:72,8,1,0
BRDA:77,9,0,1
BRDA:77,9,1,0
BRDA:77,10,0,1
BRDA:77,10,1,1
BRDA:93,11,0,1
BRDA:93,11,1,0
BRDA:93,12,0,1
BRDA:93,12,1,1
BRDA:103,13,0,1
BRDA:103,13,1,0
BRDA:103,14,0,1
BRDA:103,14,1,1
BRDA:106,15,0,1
BRDA:106,15,1,0
BRDA:106,16,0,1
BRDA:106,16,1,1
BRF:34
BRH:24
end_of_record
TN:
SF:stores\themeStore.ts
FN:11,saveTheme
FN:19,loadTheme
FN:29,(anonymous_2)
FN:31,(anonymous_3)
FN:31,(anonymous_4)
FN:36,(anonymous_5)
FN:40,(anonymous_6)
FN:48,useThemeColors
FN:49,(anonymous_8)
FNF:9
FNH:9
FNDA:5,saveTheme
FNDA:2,loadTheme
FNDA:7,(anonymous_2)
FNDA:3,(anonymous_3)
FNDA:3,(anonymous_4)
FNDA:2,(anonymous_5)
FNDA:2,(anonymous_6)
FNDA:79,useThemeColors
FNDA:238,(anonymous_8)
DA:12,5
DA:13,5
DA:14,5
DA:20,2
DA:21,2
DA:22,2
DA:23,2
DA:26,1
DA:29,7
DA:31,3
DA:32,3
DA:33,3
DA:34,3
DA:37,2
DA:38,2
DA:41,2
DA:42,2
DA:43,1
DA:49,238
DA:50,79
LF:20
LH:20
BRDA:13,0,0,5
BRDA:13,0,1,0
BRDA:13,1,0,5
BRDA:13,1,1,5
BRDA:21,2,0,2
BRDA:21,2,1,0
BRDA:21,3,0,2
BRDA:21,3,1,2
BRDA:23,4,0,1
BRDA:23,4,1,1
BRDA:23,5,0,2
BRDA:23,5,1,1
BRDA:32,6,0,1
BRDA:32,6,1,2
BRDA:42,7,0,1
BRDA:42,7,1,1
BRF:16
BRH:14
end_of_record
TN:
SF:utils\api.ts
FN:1,getGatewayUrl
FN:11,getAuthToken
FN:20,authFetch
FNF:3
FNH:3
FNDA:9,getGatewayUrl
FNDA:5,getAuthToken
FNDA:3,authFetch
DA:2,9
DA:3,9
DA:4,9
DA:5,9
DA:8,8
DA:12,5
DA:13,5
DA:14,5
DA:17,0
DA:21,3
DA:22,3
DA:24,3
DA:25,3
DA:26,2
DA:28,3
DA:29,1
DA:32,3
DA:33,3
LF:18
LH:17
BRDA:3,0,0,9
BRDA:3,0,1,0
BRDA:3,1,0,9
BRDA:3,1,1,9
BRDA:5,2,0,1
BRDA:5,2,1,8
BRDA:13,3,0,5
BRDA:13,3,1,0
BRDA:13,4,0,5
BRDA:13,4,1,5
BRDA:20,5,0,0
BRDA:24,6,0,3
BRDA:24,6,1,3
BRDA:25,7,0,2
BRDA:25,7,1,1
BRDA:25,8,0,3
BRDA:25,8,1,3
BRDA:28,9,0,1
BRDA:28,9,1,2
BRDA:32,10,0,2
BRDA:32,10,1,1
BRF:21
BRH:18
end_of_record
TN:
SF:utils\jwt.ts
FN:1,decodeJwt
FNF:1
FNH:1
FNDA:6,decodeJwt
DA:2,6
DA:3,6
DA:4,6
DA:5,4
DA:6,4
DA:7,2
DA:8,2
DA:9,94
DA:11,2
DA:12,2
DA:14,2
DA:15,2
LF:12
LH:12
BRDA:4,0,0,2
BRDA:4,0,1,4
BRF:2
BRH:2
end_of_record
TN:
SF:utils\stream.ts
FN:5,xhr_sse_stream
FN:14,(anonymous_1)
FN:27,(anonymous_2)
FN:34,(anonymous_3)
FN:76,(anonymous_4)
FNF:5
FNH:5
FNDA:4,xhr_sse_stream
FNDA:4,(anonymous_1)
FNDA:1,(anonymous_2)
FNDA:4,(anonymous_3)
FNDA:1,(anonymous_4)
DA:11,4
DA:12,4
DA:14,4
DA:15,4
DA:16,4
DA:18,4
DA:19,4
DA:20,4
DA:23,4
DA:24,4
DA:25,4
DA:27,4
DA:28,1
DA:29,1
DA:30,1
DA:32,4
DA:34,4
DA:36,4
DA:37,2
DA:38,2
DA:39,2
DA:41,2
DA:42,2
DA:44,2
DA:45,6
DA:46,6
DA:47,2
DA:48,4
DA:49,2
DA:50,2
DA:51,2
DA:52,2
DA:53,2
DA:57,2
DA:59,2
DA:60,2
DA:66,4
DA:67,2
DA:68,2
DA:69,1
DA:71,1
DA:76,4
DA:77,1
DA:78,1
DA:81,4
LF:45
LH:45
BRDA:19,0,0,4
BRDA:19,0,1,0
BRDA:36,1,0,2
BRDA:36,1,1,2
BRDA:36,2,0,4
BRDA:36,2,1,2
BRDA:42,3,0,2
BRDA:42,3,1,0
BRDA:46,4,0,2
BRDA:46,4,1,4
BRDA:48,5,0,2
BRDA:48,5,1,2
BRDA:50,6,0,2
BRDA:50,6,1,0
BRDA:50,7,0,2
BRDA:50,7,1,2
BRDA:59,8,0,2
BRDA:59,8,1,0
BRDA:66,9,0,2
BRDA:66,9,1,2
BRDA:68,10,0,1
BRDA:68,10,1,1
BRDA:68,11,0,2
BRDA:68,11,1,1
BRF:24
BRH:20
end_of_record
